{"/Users/arjan/code/martinez/vitest.config.ts": {"path":"/Users/arjan/code/martinez/vitest.config.ts","all":true,"statementMap":{"0":{"start":{"line":1,"column":0},"end":{"line":1,"column":45}},"3":{"start":{"line":4,"column":0},"end":{"line":4,"column":29}},"4":{"start":{"line":5,"column":0},"end":{"line":5,"column":9}},"5":{"start":{"line":6,"column":0},"end":{"line":6,"column":18}},"6":{"start":{"line":7,"column":0},"end":{"line":7,"column":24}},"7":{"start":{"line":8,"column":0},"end":{"line":8,"column":15}},"8":{"start":{"line":9,"column":0},"end":{"line":9,"column":21}},"9":{"start":{"line":10,"column":0},"end":{"line":10,"column":41}},"10":{"start":{"line":11,"column":0},"end":{"line":11,"column":89}},"11":{"start":{"line":12,"column":0},"end":{"line":12,"column":19}},"12":{"start":{"line":13,"column":0},"end":{"line":13,"column":17}},"13":{"start":{"line":14,"column":0},"end":{"line":14,"column":23}},"14":{"start":{"line":15,"column":0},"end":{"line":15,"column":24}},"15":{"start":{"line":16,"column":0},"end":{"line":16,"column":20}},"16":{"start":{"line":17,"column":0},"end":{"line":17,"column":25}},"17":{"start":{"line":18,"column":0},"end":{"line":18,"column":10}},"18":{"start":{"line":19,"column":0},"end":{"line":19,"column":8}},"19":{"start":{"line":20,"column":0},"end":{"line":20,"column":6}},"20":{"start":{"line":21,"column":0},"end":{"line":21,"column":23}},"21":{"start":{"line":22,"column":0},"end":{"line":22,"column":16}},"22":{"start":{"line":23,"column":0},"end":{"line":23,"column":46}},"23":{"start":{"line":24,"column":0},"end":{"line":24,"column":6}},"24":{"start":{"line":25,"column":0},"end":{"line":25,"column":4}},"25":{"start":{"line":26,"column":0},"end":{"line":26,"column":12}},"26":{"start":{"line":27,"column":0},"end":{"line":27,"column":12}},"28":{"start":{"line":29,"column":0},"end":{"line":29,"column":6}},"29":{"start":{"line":30,"column":0},"end":{"line":30,"column":4}},"30":{"start":{"line":31,"column":0},"end":{"line":31,"column":3}}},"s":{"0":0,"3":0,"4":0,"5":0,"6":0,"7":0,"8":0,"9":0,"10":0,"11":0,"12":0,"13":0,"14":0,"15":0,"16":0,"17":0,"18":0,"19":0,"20":0,"21":0,"22":0,"23":0,"24":0,"25":0,"26":0,"28":0,"29":0,"30":0},"branchMap":{"0":{"type":"branch","line":1,"loc":{"start":{"line":1,"column":689},"end":{"line":31,"column":3}},"locations":[{"start":{"line":1,"column":689},"end":{"line":31,"column":3}}]}},"b":{"0":[0]},"fnMap":{"0":{"name":"(empty-report)","decl":{"start":{"line":1,"column":689},"end":{"line":31,"column":3}},"loc":{"start":{"line":1,"column":689},"end":{"line":31,"column":3}},"line":1}},"f":{"0":0}}
,"/Users/arjan/code/martinez/src/index.ts": {"path":"/Users/arjan/code/martinez/src/index.ts","all":true,"statementMap":{"3":{"start":{"line":4,"column":0},"end":{"line":4,"column":38}},"7":{"start":{"line":8,"column":0},"end":{"line":8,"column":52}},"10":{"start":{"line":11,"column":0},"end":{"line":11,"column":70}},"13":{"start":{"line":14,"column":0},"end":{"line":14,"column":62}},"16":{"start":{"line":17,"column":0},"end":{"line":17,"column":92}},"19":{"start":{"line":20,"column":0},"end":{"line":20,"column":83}},"22":{"start":{"line":23,"column":0},"end":{"line":23,"column":52}}},"s":{"3":0,"7":0,"10":0,"13":0,"16":0,"19":0,"22":0},"branchMap":{"0":{"type":"branch","line":1,"loc":{"start":{"line":1,"column":777},"end":{"line":23,"column":52}},"locations":[{"start":{"line":1,"column":777},"end":{"line":23,"column":52}}]}},"b":{"0":[1]},"fnMap":{"0":{"name":"(empty-report)","decl":{"start":{"line":1,"column":777},"end":{"line":23,"column":52}},"loc":{"start":{"line":1,"column":777},"end":{"line":23,"column":52}},"line":1}},"f":{"0":1}}
,"/Users/arjan/code/martinez/src/martinez.ts": {"path":"/Users/arjan/code/martinez/src/martinez.ts","all":false,"statementMap":{"7":{"start":{"line":8,"column":0},"end":{"line":8,"column":52}},"8":{"start":{"line":9,"column":0},"end":{"line":9,"column":105}},"9":{"start":{"line":10,"column":0},"end":{"line":10,"column":62}},"10":{"start":{"line":11,"column":0},"end":{"line":11,"column":92}},"11":{"start":{"line":12,"column":0},"end":{"line":12,"column":83}},"12":{"start":{"line":13,"column":0},"end":{"line":13,"column":52}},"18":{"start":{"line":19,"column":0},"end":{"line":19,"column":23}},"20":{"start":{"line":21,"column":0},"end":{"line":21,"column":80}},"21":{"start":{"line":22,"column":0},"end":{"line":22,"column":92}},"22":{"start":{"line":23,"column":0},"end":{"line":23,"column":57}},"23":{"start":{"line":24,"column":0},"end":{"line":24,"column":59}},"24":{"start":{"line":25,"column":0},"end":{"line":25,"column":69}},"31":{"start":{"line":32,"column":0},"end":{"line":32,"column":66}},"32":{"start":{"line":33,"column":0},"end":{"line":33,"column":82}},"33":{"start":{"line":34,"column":0},"end":{"line":34,"column":27}},"34":{"start":{"line":35,"column":0},"end":{"line":35,"column":41}},"35":{"start":{"line":36,"column":0},"end":{"line":36,"column":43}},"36":{"start":{"line":37,"column":0},"end":{"line":37,"column":31}},"37":{"start":{"line":38,"column":0},"end":{"line":38,"column":3}},"43":{"start":{"line":44,"column":0},"end":{"line":44,"column":34}},"44":{"start":{"line":45,"column":0},"end":{"line":45,"column":34}},"45":{"start":{"line":46,"column":0},"end":{"line":46,"column":3}},"52":{"start":{"line":53,"column":0},"end":{"line":53,"column":55}},"53":{"start":{"line":54,"column":0},"end":{"line":54,"column":40}},"55":{"start":{"line":56,"column":0},"end":{"line":56,"column":89}},"57":{"start":{"line":58,"column":0},"end":{"line":58,"column":58}},"58":{"start":{"line":59,"column":0},"end":{"line":59,"column":69}},"59":{"start":{"line":60,"column":0},"end":{"line":60,"column":7}},"60":{"start":{"line":61,"column":0},"end":{"line":61,"column":53}},"61":{"start":{"line":62,"column":0},"end":{"line":62,"column":109}},"62":{"start":{"line":63,"column":0},"end":{"line":63,"column":56}},"63":{"start":{"line":64,"column":0},"end":{"line":64,"column":7}},"64":{"start":{"line":65,"column":0},"end":{"line":65,"column":27}},"65":{"start":{"line":66,"column":0},"end":{"line":66,"column":5}},"68":{"start":{"line":69,"column":0},"end":{"line":69,"column":42}},"69":{"start":{"line":70,"column":0},"end":{"line":70,"column":42}},"70":{"start":{"line":71,"column":0},"end":{"line":71,"column":42}},"71":{"start":{"line":72,"column":0},"end":{"line":72,"column":42}},"73":{"start":{"line":74,"column":0},"end":{"line":74,"column":54}},"74":{"start":{"line":75,"column":0},"end":{"line":75,"column":55}},"76":{"start":{"line":77,"column":0},"end":{"line":77,"column":107}},"78":{"start":{"line":79,"column":0},"end":{"line":79,"column":58}},"79":{"start":{"line":80,"column":0},"end":{"line":80,"column":69}},"80":{"start":{"line":81,"column":0},"end":{"line":81,"column":7}},"81":{"start":{"line":82,"column":0},"end":{"line":82,"column":53}},"82":{"start":{"line":83,"column":0},"end":{"line":83,"column":69}},"83":{"start":{"line":84,"column":0},"end":{"line":84,"column":70}},"84":{"start":{"line":85,"column":0},"end":{"line":85,"column":7}},"85":{"start":{"line":86,"column":0},"end":{"line":86,"column":27}},"86":{"start":{"line":87,"column":0},"end":{"line":87,"column":5}},"91":{"start":{"line":92,"column":0},"end":{"line":92,"column":66}},"92":{"start":{"line":93,"column":0},"end":{"line":93,"column":76}},"93":{"start":{"line":94,"column":0},"end":{"line":94,"column":96}},"94":{"start":{"line":95,"column":0},"end":{"line":95,"column":7}},"95":{"start":{"line":96,"column":0},"end":{"line":96,"column":5}},"97":{"start":{"line":98,"column":0},"end":{"line":98,"column":67}},"98":{"start":{"line":99,"column":0},"end":{"line":99,"column":77}},"99":{"start":{"line":100,"column":0},"end":{"line":100,"column":98}},"100":{"start":{"line":101,"column":0},"end":{"line":101,"column":7}},"101":{"start":{"line":102,"column":0},"end":{"line":102,"column":5}},"103":{"start":{"line":104,"column":0},"end":{"line":104,"column":82}},"104":{"start":{"line":105,"column":0},"end":{"line":105,"column":83}},"105":{"start":{"line":106,"column":0},"end":{"line":106,"column":73}},"109":{"start":{"line":110,"column":0},"end":{"line":110,"column":40}},"110":{"start":{"line":111,"column":0},"end":{"line":111,"column":91}},"113":{"start":{"line":114,"column":0},"end":{"line":114,"column":10}},"114":{"start":{"line":115,"column":0},"end":{"line":115,"column":83}},"115":{"start":{"line":116,"column":0},"end":{"line":116,"column":80}},"116":{"start":{"line":117,"column":0},"end":{"line":117,"column":9}},"117":{"start":{"line":118,"column":0},"end":{"line":118,"column":43}},"118":{"start":{"line":119,"column":0},"end":{"line":119,"column":29}},"119":{"start":{"line":120,"column":0},"end":{"line":120,"column":7}},"120":{"start":{"line":121,"column":0},"end":{"line":121,"column":76}},"122":{"start":{"line":123,"column":0},"end":{"line":123,"column":58}},"123":{"start":{"line":124,"column":0},"end":{"line":124,"column":44}},"124":{"start":{"line":125,"column":0},"end":{"line":125,"column":84}},"125":{"start":{"line":126,"column":0},"end":{"line":126,"column":62}},"126":{"start":{"line":127,"column":0},"end":{"line":127,"column":9}},"127":{"start":{"line":128,"column":0},"end":{"line":128,"column":43}},"128":{"start":{"line":129,"column":0},"end":{"line":129,"column":29}},"129":{"start":{"line":130,"column":0},"end":{"line":130,"column":7}},"132":{"start":{"line":133,"column":0},"end":{"line":133,"column":29}},"134":{"start":{"line":135,"column":0},"end":{"line":135,"column":34}},"135":{"start":{"line":136,"column":0},"end":{"line":136,"column":38}},"138":{"start":{"line":139,"column":0},"end":{"line":139,"column":52}},"139":{"start":{"line":140,"column":0},"end":{"line":140,"column":32}},"140":{"start":{"line":141,"column":0},"end":{"line":141,"column":60}},"141":{"start":{"line":142,"column":0},"end":{"line":142,"column":42}},"142":{"start":{"line":143,"column":0},"end":{"line":143,"column":11}},"143":{"start":{"line":144,"column":0},"end":{"line":144,"column":9}},"146":{"start":{"line":147,"column":0},"end":{"line":147,"column":56}},"147":{"start":{"line":148,"column":0},"end":{"line":148,"column":67}},"150":{"start":{"line":151,"column":0},"end":{"line":151,"column":50}},"152":{"start":{"line":153,"column":0},"end":{"line":153,"column":71}},"153":{"start":{"line":154,"column":0},"end":{"line":154,"column":59}},"154":{"start":{"line":155,"column":0},"end":{"line":155,"column":27}},"156":{"start":{"line":157,"column":0},"end":{"line":157,"column":85}},"157":{"start":{"line":158,"column":0},"end":{"line":158,"column":48}},"158":{"start":{"line":159,"column":0},"end":{"line":159,"column":18}},"160":{"start":{"line":161,"column":0},"end":{"line":161,"column":45}},"161":{"start":{"line":162,"column":0},"end":{"line":162,"column":67}},"162":{"start":{"line":163,"column":0},"end":{"line":163,"column":76}},"163":{"start":{"line":164,"column":0},"end":{"line":164,"column":75}},"164":{"start":{"line":165,"column":0},"end":{"line":165,"column":34}},"165":{"start":{"line":166,"column":0},"end":{"line":166,"column":80}},"166":{"start":{"line":167,"column":0},"end":{"line":167,"column":71}},"167":{"start":{"line":168,"column":0},"end":{"line":168,"column":13}},"168":{"start":{"line":169,"column":0},"end":{"line":169,"column":11}},"169":{"start":{"line":170,"column":0},"end":{"line":170,"column":58}},"171":{"start":{"line":172,"column":0},"end":{"line":172,"column":61}},"172":{"start":{"line":173,"column":0},"end":{"line":173,"column":72}},"173":{"start":{"line":174,"column":0},"end":{"line":174,"column":16}},"175":{"start":{"line":176,"column":0},"end":{"line":176,"column":67}},"176":{"start":{"line":177,"column":0},"end":{"line":177,"column":66}},"177":{"start":{"line":178,"column":0},"end":{"line":178,"column":9}},"180":{"start":{"line":181,"column":0},"end":{"line":181,"column":50}},"181":{"start":{"line":182,"column":0},"end":{"line":182,"column":45}},"182":{"start":{"line":183,"column":0},"end":{"line":183,"column":9}},"185":{"start":{"line":186,"column":0},"end":{"line":186,"column":50}},"186":{"start":{"line":187,"column":0},"end":{"line":187,"column":45}},"187":{"start":{"line":188,"column":0},"end":{"line":188,"column":9}},"188":{"start":{"line":189,"column":0},"end":{"line":189,"column":14}},"190":{"start":{"line":191,"column":0},"end":{"line":191,"column":41}},"191":{"start":{"line":192,"column":0},"end":{"line":192,"column":81}},"192":{"start":{"line":193,"column":0},"end":{"line":193,"column":56}},"193":{"start":{"line":194,"column":0},"end":{"line":194,"column":67}},"196":{"start":{"line":197,"column":0},"end":{"line":197,"column":29}},"197":{"start":{"line":198,"column":0},"end":{"line":198,"column":35}},"198":{"start":{"line":199,"column":0},"end":{"line":199,"column":32}},"199":{"start":{"line":200,"column":0},"end":{"line":200,"column":53}},"200":{"start":{"line":201,"column":0},"end":{"line":201,"column":83}},"201":{"start":{"line":202,"column":0},"end":{"line":202,"column":22}},"202":{"start":{"line":203,"column":0},"end":{"line":203,"column":46}},"203":{"start":{"line":204,"column":0},"end":{"line":204,"column":84}},"204":{"start":{"line":205,"column":0},"end":{"line":205,"column":22}},"205":{"start":{"line":206,"column":0},"end":{"line":206,"column":51}},"206":{"start":{"line":207,"column":0},"end":{"line":207,"column":20}},"207":{"start":{"line":208,"column":0},"end":{"line":208,"column":104}},"208":{"start":{"line":209,"column":0},"end":{"line":209,"column":101}},"210":{"start":{"line":211,"column":0},"end":{"line":211,"column":45}},"211":{"start":{"line":212,"column":0},"end":{"line":212,"column":22}},"212":{"start":{"line":213,"column":0},"end":{"line":213,"column":44}},"213":{"start":{"line":214,"column":0},"end":{"line":214,"column":43}},"214":{"start":{"line":215,"column":0},"end":{"line":215,"column":22}},"215":{"start":{"line":216,"column":0},"end":{"line":216,"column":13}},"216":{"start":{"line":217,"column":0},"end":{"line":217,"column":18}},"217":{"start":{"line":218,"column":0},"end":{"line":218,"column":44}},"218":{"start":{"line":219,"column":0},"end":{"line":219,"column":108}},"219":{"start":{"line":220,"column":0},"end":{"line":220,"column":41}},"220":{"start":{"line":221,"column":0},"end":{"line":221,"column":18}},"221":{"start":{"line":222,"column":0},"end":{"line":222,"column":49}},"222":{"start":{"line":223,"column":0},"end":{"line":223,"column":90}},"223":{"start":{"line":224,"column":0},"end":{"line":224,"column":18}},"224":{"start":{"line":225,"column":0},"end":{"line":225,"column":9}},"227":{"start":{"line":228,"column":0},"end":{"line":228,"column":29}},"230":{"start":{"line":231,"column":0},"end":{"line":231,"column":48}},"231":{"start":{"line":232,"column":0},"end":{"line":232,"column":32}},"232":{"start":{"line":233,"column":0},"end":{"line":233,"column":60}},"233":{"start":{"line":234,"column":0},"end":{"line":234,"column":42}},"234":{"start":{"line":235,"column":0},"end":{"line":235,"column":11}},"235":{"start":{"line":236,"column":0},"end":{"line":236,"column":9}},"237":{"start":{"line":238,"column":0},"end":{"line":238,"column":89}},"238":{"start":{"line":239,"column":0},"end":{"line":239,"column":48}},"239":{"start":{"line":240,"column":0},"end":{"line":240,"column":9}},"240":{"start":{"line":241,"column":0},"end":{"line":241,"column":7}},"241":{"start":{"line":242,"column":0},"end":{"line":242,"column":5}},"242":{"start":{"line":243,"column":0},"end":{"line":243,"column":39}},"243":{"start":{"line":244,"column":0},"end":{"line":244,"column":25}},"244":{"start":{"line":245,"column":0},"end":{"line":245,"column":3}},"247":{"start":{"line":248,"column":0},"end":{"line":248,"column":56}},"248":{"start":{"line":249,"column":0},"end":{"line":249,"column":28}},"249":{"start":{"line":250,"column":0},"end":{"line":250,"column":24}},"251":{"start":{"line":252,"column":0},"end":{"line":252,"column":49}},"253":{"start":{"line":254,"column":0},"end":{"line":254,"column":13}},"254":{"start":{"line":255,"column":0},"end":{"line":255,"column":5}},"256":{"start":{"line":257,"column":0},"end":{"line":257,"column":75}},"257":{"start":{"line":258,"column":0},"end":{"line":258,"column":71}},"258":{"start":{"line":259,"column":0},"end":{"line":259,"column":23}},"260":{"start":{"line":261,"column":0},"end":{"line":261,"column":34}},"261":{"start":{"line":262,"column":0},"end":{"line":262,"column":32}},"262":{"start":{"line":263,"column":0},"end":{"line":263,"column":41}},"263":{"start":{"line":264,"column":0},"end":{"line":264,"column":32}},"264":{"start":{"line":265,"column":0},"end":{"line":265,"column":41}},"266":{"start":{"line":267,"column":0},"end":{"line":267,"column":32}},"267":{"start":{"line":268,"column":0},"end":{"line":268,"column":12}},"268":{"start":{"line":269,"column":0},"end":{"line":269,"column":32}},"269":{"start":{"line":270,"column":0},"end":{"line":270,"column":5}},"271":{"start":{"line":272,"column":0},"end":{"line":272,"column":29}},"272":{"start":{"line":273,"column":0},"end":{"line":273,"column":29}},"273":{"start":{"line":274,"column":0},"end":{"line":274,"column":3}},"275":{"start":{"line":276,"column":0},"end":{"line":276,"column":70}},"276":{"start":{"line":277,"column":0},"end":{"line":277,"column":38}},"277":{"start":{"line":278,"column":0},"end":{"line":278,"column":38}},"279":{"start":{"line":280,"column":0},"end":{"line":280,"column":89}},"281":{"start":{"line":282,"column":0},"end":{"line":282,"column":31}},"282":{"start":{"line":283,"column":0},"end":{"line":283,"column":13}},"283":{"start":{"line":284,"column":0},"end":{"line":284,"column":5}},"285":{"start":{"line":286,"column":0},"end":{"line":286,"column":8}},"286":{"start":{"line":287,"column":0},"end":{"line":287,"column":29}},"287":{"start":{"line":288,"column":0},"end":{"line":288,"column":66}},"288":{"start":{"line":289,"column":0},"end":{"line":289,"column":113}},"289":{"start":{"line":290,"column":0},"end":{"line":290,"column":7}},"290":{"start":{"line":291,"column":0},"end":{"line":291,"column":81}},"291":{"start":{"line":292,"column":0},"end":{"line":292,"column":5}},"293":{"start":{"line":294,"column":0},"end":{"line":294,"column":70}},"294":{"start":{"line":295,"column":0},"end":{"line":295,"column":79}},"295":{"start":{"line":296,"column":0},"end":{"line":296,"column":5}},"298":{"start":{"line":299,"column":0},"end":{"line":299,"column":45}},"300":{"start":{"line":301,"column":0},"end":{"line":301,"column":31}},"301":{"start":{"line":302,"column":0},"end":{"line":302,"column":10}},"302":{"start":{"line":303,"column":0},"end":{"line":303,"column":57}},"303":{"start":{"line":304,"column":0},"end":{"line":304,"column":78}},"304":{"start":{"line":305,"column":0},"end":{"line":305,"column":9}},"306":{"start":{"line":307,"column":0},"end":{"line":307,"column":36}},"307":{"start":{"line":308,"column":0},"end":{"line":308,"column":7}},"308":{"start":{"line":309,"column":0},"end":{"line":309,"column":10}},"309":{"start":{"line":310,"column":0},"end":{"line":310,"column":57}},"310":{"start":{"line":311,"column":0},"end":{"line":311,"column":78}},"311":{"start":{"line":312,"column":0},"end":{"line":312,"column":9}},"313":{"start":{"line":314,"column":0},"end":{"line":314,"column":36}},"314":{"start":{"line":315,"column":0},"end":{"line":315,"column":7}},"315":{"start":{"line":316,"column":0},"end":{"line":316,"column":13}},"316":{"start":{"line":317,"column":0},"end":{"line":317,"column":5}},"319":{"start":{"line":320,"column":0},"end":{"line":320,"column":51}},"321":{"start":{"line":322,"column":0},"end":{"line":322,"column":65}},"322":{"start":{"line":323,"column":0},"end":{"line":323,"column":30}},"323":{"start":{"line":324,"column":0},"end":{"line":324,"column":54}},"324":{"start":{"line":325,"column":0},"end":{"line":325,"column":28}},"325":{"start":{"line":326,"column":0},"end":{"line":326,"column":28}},"326":{"start":{"line":327,"column":0},"end":{"line":327,"column":12}},"327":{"start":{"line":328,"column":0},"end":{"line":328,"column":28}},"328":{"start":{"line":329,"column":0},"end":{"line":329,"column":28}},"329":{"start":{"line":330,"column":0},"end":{"line":330,"column":5}},"331":{"start":{"line":332,"column":0},"end":{"line":332,"column":113}},"332":{"start":{"line":333,"column":0},"end":{"line":333,"column":30}},"333":{"start":{"line":334,"column":0},"end":{"line":334,"column":78}},"334":{"start":{"line":335,"column":0},"end":{"line":335,"column":40}},"335":{"start":{"line":336,"column":0},"end":{"line":336,"column":40}},"336":{"start":{"line":337,"column":0},"end":{"line":337,"column":12}},"337":{"start":{"line":338,"column":0},"end":{"line":338,"column":40}},"338":{"start":{"line":339,"column":0},"end":{"line":339,"column":40}},"339":{"start":{"line":340,"column":0},"end":{"line":340,"column":5}},"341":{"start":{"line":342,"column":0},"end":{"line":342,"column":36}},"343":{"start":{"line":344,"column":0},"end":{"line":344,"column":76}},"344":{"start":{"line":345,"column":0},"end":{"line":345,"column":45}},"345":{"start":{"line":346,"column":0},"end":{"line":346,"column":69}},"346":{"start":{"line":347,"column":0},"end":{"line":347,"column":40}},"347":{"start":{"line":348,"column":0},"end":{"line":348,"column":46}},"348":{"start":{"line":349,"column":0},"end":{"line":349,"column":13}},"349":{"start":{"line":350,"column":0},"end":{"line":350,"column":5}},"351":{"start":{"line":352,"column":0},"end":{"line":352,"column":36}},"353":{"start":{"line":354,"column":0},"end":{"line":354,"column":104}},"354":{"start":{"line":355,"column":0},"end":{"line":355,"column":26}},"356":{"start":{"line":357,"column":0},"end":{"line":357,"column":47}},"357":{"start":{"line":358,"column":0},"end":{"line":358,"column":71}},"358":{"start":{"line":359,"column":0},"end":{"line":359,"column":42}},"359":{"start":{"line":360,"column":0},"end":{"line":360,"column":48}},"362":{"start":{"line":363,"column":0},"end":{"line":363,"column":47}},"363":{"start":{"line":364,"column":0},"end":{"line":364,"column":71}},"364":{"start":{"line":365,"column":0},"end":{"line":365,"column":42}},"365":{"start":{"line":366,"column":0},"end":{"line":366,"column":48}},"366":{"start":{"line":367,"column":0},"end":{"line":367,"column":116}},"367":{"start":{"line":368,"column":0},"end":{"line":368,"column":13}},"368":{"start":{"line":369,"column":0},"end":{"line":369,"column":5}},"370":{"start":{"line":371,"column":0},"end":{"line":371,"column":58}},"372":{"start":{"line":373,"column":0},"end":{"line":373,"column":64}},"373":{"start":{"line":374,"column":0},"end":{"line":374,"column":33}},"374":{"start":{"line":375,"column":0},"end":{"line":375,"column":69}},"375":{"start":{"line":376,"column":0},"end":{"line":376,"column":40}},"376":{"start":{"line":377,"column":0},"end":{"line":377,"column":46}},"377":{"start":{"line":378,"column":0},"end":{"line":378,"column":67}},"378":{"start":{"line":379,"column":0},"end":{"line":379,"column":67}},"379":{"start":{"line":380,"column":0},"end":{"line":380,"column":13}},"380":{"start":{"line":381,"column":0},"end":{"line":381,"column":5}},"383":{"start":{"line":384,"column":0},"end":{"line":384,"column":102}},"384":{"start":{"line":385,"column":0},"end":{"line":385,"column":65}},"385":{"start":{"line":386,"column":0},"end":{"line":386,"column":43}},"386":{"start":{"line":387,"column":0},"end":{"line":387,"column":67}},"387":{"start":{"line":388,"column":0},"end":{"line":388,"column":38}},"388":{"start":{"line":389,"column":0},"end":{"line":389,"column":44}},"389":{"start":{"line":390,"column":0},"end":{"line":390,"column":77}},"390":{"start":{"line":391,"column":0},"end":{"line":391,"column":3}},"392":{"start":{"line":393,"column":0},"end":{"line":393,"column":56}},"394":{"start":{"line":395,"column":0},"end":{"line":395,"column":92}},"396":{"start":{"line":397,"column":0},"end":{"line":397,"column":115}},"398":{"start":{"line":399,"column":0},"end":{"line":399,"column":57}},"400":{"start":{"line":401,"column":0},"end":{"line":401,"column":26}},"401":{"start":{"line":402,"column":0},"end":{"line":402,"column":42}},"402":{"start":{"line":403,"column":0},"end":{"line":403,"column":31}},"403":{"start":{"line":404,"column":0},"end":{"line":404,"column":5}},"404":{"start":{"line":405,"column":0},"end":{"line":405,"column":45}},"406":{"start":{"line":407,"column":0},"end":{"line":407,"column":27}},"407":{"start":{"line":408,"column":0},"end":{"line":408,"column":5}},"409":{"start":{"line":410,"column":0},"end":{"line":410,"column":33}},"410":{"start":{"line":411,"column":0},"end":{"line":411,"column":21}},"411":{"start":{"line":412,"column":0},"end":{"line":412,"column":28}},"412":{"start":{"line":413,"column":0},"end":{"line":413,"column":28}},"413":{"start":{"line":414,"column":0},"end":{"line":414,"column":3}},"415":{"start":{"line":416,"column":0},"end":{"line":416,"column":54}},"416":{"start":{"line":417,"column":0},"end":{"line":417,"column":30}},"417":{"start":{"line":418,"column":0},"end":{"line":418,"column":60}},"418":{"start":{"line":419,"column":0},"end":{"line":419,"column":3}},"419":{"start":{"line":420,"column":0},"end":{"line":420,"column":1}}},"s":{"7":1,"8":1,"9":1,"10":1,"11":1,"12":1,"18":1,"20":73,"21":73,"22":73,"23":73,"24":73,"31":73,"32":73,"33":73,"34":73,"35":73,"36":73,"37":73,"43":73,"44":5,"45":5,"52":73,"53":44,"55":44,"57":5,"58":2,"59":2,"60":5,"61":3,"62":3,"63":3,"64":5,"65":5,"68":39,"69":39,"70":39,"71":39,"73":39,"74":39,"76":44,"78":5,"79":1,"80":1,"81":5,"82":2,"83":2,"84":2,"85":5,"86":5,"91":44,"92":36,"93":151,"94":151,"95":36,"97":34,"98":34,"99":132,"100":132,"101":34,"103":34,"104":34,"105":34,"109":44,"110":686,"113":686,"114":686,"115":677,"116":686,"117":13,"118":13,"119":13,"120":686,"122":5,"123":5,"124":25,"125":25,"126":25,"127":5,"128":5,"129":5,"132":686,"134":351,"135":351,"138":351,"139":290,"140":290,"141":290,"142":290,"143":290,"146":351,"147":351,"150":351,"152":114,"153":351,"154":38,"156":0,"157":0,"158":38,"160":38,"161":38,"162":23,"163":23,"164":38,"165":15,"166":15,"167":15,"168":38,"169":237,"171":80,"172":80,"173":199,"175":119,"176":119,"177":119,"180":351,"181":175,"182":175,"185":351,"186":237,"187":237,"188":686,"190":317,"191":317,"192":317,"193":317,"196":317,"197":317,"198":251,"199":251,"200":109,"201":109,"202":251,"203":46,"204":46,"205":251,"206":50,"207":50,"208":30,"210":50,"211":50,"212":251,"213":46,"214":46,"215":251,"216":251,"217":317,"218":33,"219":33,"220":33,"221":317,"222":0,"223":0,"224":317,"227":317,"230":317,"231":392,"232":392,"233":392,"234":392,"235":392,"237":317,"238":94,"239":94,"240":317,"241":686,"242":16,"243":16,"244":44,"247":73,"248":283,"249":283,"251":283,"253":1,"254":1,"256":282,"257":282,"258":282,"260":283,"261":75,"262":283,"263":78,"264":207,"266":64,"267":129,"268":65,"269":65,"271":282,"272":282,"273":283,"275":73,"276":506,"277":506,"279":506,"281":506,"282":262,"283":262,"285":244,"286":244,"287":207,"288":91,"289":506,"290":163,"291":163,"293":506,"294":2,"295":2,"298":79,"300":506,"301":44,"302":44,"303":44,"304":44,"306":38,"307":38,"308":44,"309":44,"310":44,"311":44,"313":41,"314":41,"315":44,"316":44,"319":35,"321":506,"322":33,"323":506,"324":2,"325":2,"326":2,"327":0,"328":0,"329":0,"331":506,"332":27,"333":506,"334":4,"335":4,"336":4,"337":4,"338":4,"339":4,"341":506,"343":27,"344":27,"345":27,"346":27,"347":0,"348":27,"349":27,"351":506,"353":6,"354":6,"356":6,"357":0,"358":0,"359":0,"362":6,"363":6,"364":6,"365":0,"366":6,"367":6,"368":6,"370":506,"372":1,"373":1,"374":1,"375":1,"376":0,"377":1,"378":1,"379":1,"380":1,"383":1,"384":1,"385":1,"386":1,"387":1,"388":0,"389":506,"390":506,"392":73,"394":89,"396":89,"398":89,"400":0,"401":0,"402":0,"403":0,"404":89,"406":0,"407":0,"409":89,"410":89,"411":89,"412":89,"413":89,"415":73,"416":742,"417":742,"418":742,"419":73},"branchMap":{"0":{"type":"branch","line":19,"loc":{"start":{"line":19,"column":7},"end":{"line":420,"column":1}},"locations":[{"start":{"line":19,"column":7},"end":{"line":420,"column":1}}]},"1":{"type":"branch","line":32,"loc":{"start":{"line":32,"column":2},"end":{"line":38,"column":3}},"locations":[{"start":{"line":32,"column":2},"end":{"line":38,"column":3}}]},"2":{"type":"branch","line":44,"loc":{"start":{"line":44,"column":2},"end":{"line":46,"column":3}},"locations":[{"start":{"line":44,"column":2},"end":{"line":46,"column":3}}]},"3":{"type":"branch","line":53,"loc":{"start":{"line":53,"column":2},"end":{"line":245,"column":3}},"locations":[{"start":{"line":53,"column":2},"end":{"line":245,"column":3}}]},"4":{"type":"branch","line":56,"loc":{"start":{"line":56,"column":88},"end":{"line":66,"column":5}},"locations":[{"start":{"line":56,"column":88},"end":{"line":66,"column":5}}]},"5":{"type":"branch","line":58,"loc":{"start":{"line":58,"column":57},"end":{"line":60,"column":7}},"locations":[{"start":{"line":58,"column":57},"end":{"line":60,"column":7}}]},"6":{"type":"branch","line":61,"loc":{"start":{"line":61,"column":52},"end":{"line":64,"column":7}},"locations":[{"start":{"line":61,"column":52},"end":{"line":64,"column":7}}]},"7":{"type":"branch","line":62,"loc":{"start":{"line":62,"column":62},"end":{"line":62,"column":89}},"locations":[{"start":{"line":62,"column":62},"end":{"line":62,"column":89}}]},"8":{"type":"branch","line":62,"loc":{"start":{"line":62,"column":71},"end":{"line":62,"column":109}},"locations":[{"start":{"line":62,"column":71},"end":{"line":62,"column":109}}]},"9":{"type":"branch","line":66,"loc":{"start":{"line":66,"column":4},"end":{"line":77,"column":58}},"locations":[{"start":{"line":66,"column":4},"end":{"line":77,"column":58}}]},"10":{"type":"branch","line":77,"loc":{"start":{"line":77,"column":53},"end":{"line":77,"column":83}},"locations":[{"start":{"line":77,"column":53},"end":{"line":77,"column":83}}]},"11":{"type":"branch","line":77,"loc":{"start":{"line":77,"column":78},"end":{"line":77,"column":106}},"locations":[{"start":{"line":77,"column":78},"end":{"line":77,"column":106}}]},"12":{"type":"branch","line":77,"loc":{"start":{"line":77,"column":106},"end":{"line":87,"column":5}},"locations":[{"start":{"line":77,"column":106},"end":{"line":87,"column":5}}]},"13":{"type":"branch","line":79,"loc":{"start":{"line":79,"column":57},"end":{"line":81,"column":7}},"locations":[{"start":{"line":79,"column":57},"end":{"line":81,"column":7}}]},"14":{"type":"branch","line":82,"loc":{"start":{"line":82,"column":52},"end":{"line":85,"column":7}},"locations":[{"start":{"line":82,"column":52},"end":{"line":85,"column":7}}]},"15":{"type":"branch","line":87,"loc":{"start":{"line":87,"column":4},"end":{"line":92,"column":65}},"locations":[{"start":{"line":87,"column":4},"end":{"line":92,"column":65}}]},"16":{"type":"branch","line":92,"loc":{"start":{"line":92,"column":65},"end":{"line":96,"column":5}},"locations":[{"start":{"line":92,"column":65},"end":{"line":96,"column":5}}]},"17":{"type":"branch","line":93,"loc":{"start":{"line":93,"column":75},"end":{"line":95,"column":7}},"locations":[{"start":{"line":93,"column":75},"end":{"line":95,"column":7}}]},"18":{"type":"branch","line":96,"loc":{"start":{"line":96,"column":4},"end":{"line":110,"column":39}},"locations":[{"start":{"line":96,"column":4},"end":{"line":110,"column":39}}]},"19":{"type":"branch","line":99,"loc":{"start":{"line":99,"column":76},"end":{"line":101,"column":7}},"locations":[{"start":{"line":99,"column":76},"end":{"line":101,"column":7}}]},"20":{"type":"branch","line":110,"loc":{"start":{"line":110,"column":39},"end":{"line":242,"column":5}},"locations":[{"start":{"line":110,"column":39},"end":{"line":242,"column":5}}]},"21":{"type":"branch","line":115,"loc":{"start":{"line":115,"column":44},"end":{"line":115,"column":83}},"locations":[{"start":{"line":115,"column":44},"end":{"line":115,"column":83}}]},"22":{"type":"branch","line":115,"loc":{"start":{"line":115,"column":72},"end":{"line":116,"column":80}},"locations":[{"start":{"line":115,"column":72},"end":{"line":116,"column":80}}]},"23":{"type":"branch","line":116,"loc":{"start":{"line":116,"column":44},"end":{"line":116,"column":80}},"locations":[{"start":{"line":116,"column":44},"end":{"line":116,"column":80}}]},"24":{"type":"branch","line":117,"loc":{"start":{"line":117,"column":8},"end":{"line":120,"column":7}},"locations":[{"start":{"line":117,"column":8},"end":{"line":120,"column":7}}]},"25":{"type":"branch","line":120,"loc":{"start":{"line":120,"column":6},"end":{"line":121,"column":54}},"locations":[{"start":{"line":120,"column":6},"end":{"line":121,"column":54}}]},"26":{"type":"branch","line":121,"loc":{"start":{"line":121,"column":45},"end":{"line":121,"column":75}},"locations":[{"start":{"line":121,"column":45},"end":{"line":121,"column":75}}]},"27":{"type":"branch","line":121,"loc":{"start":{"line":121,"column":75},"end":{"line":130,"column":7}},"locations":[{"start":{"line":121,"column":75},"end":{"line":130,"column":7}}]},"28":{"type":"branch","line":124,"loc":{"start":{"line":124,"column":43},"end":{"line":127,"column":9}},"locations":[{"start":{"line":124,"column":43},"end":{"line":127,"column":9}}]},"29":{"type":"branch","line":126,"loc":{"start":{"line":126,"column":34},"end":{"line":126,"column":62}},"locations":[{"start":{"line":126,"column":34},"end":{"line":126,"column":62}}]},"30":{"type":"branch","line":130,"loc":{"start":{"line":130,"column":6},"end":{"line":133,"column":28}},"locations":[{"start":{"line":130,"column":6},"end":{"line":133,"column":28}}]},"31":{"type":"branch","line":133,"loc":{"start":{"line":133,"column":28},"end":{"line":189,"column":13}},"locations":[{"start":{"line":133,"column":28},"end":{"line":189,"column":13}}]},"32":{"type":"branch","line":139,"loc":{"start":{"line":139,"column":51},"end":{"line":144,"column":9}},"locations":[{"start":{"line":139,"column":51},"end":{"line":144,"column":9}}]},"33":{"type":"branch","line":147,"loc":{"start":{"line":147,"column":29},"end":{"line":147,"column":51}},"locations":[{"start":{"line":147,"column":29},"end":{"line":147,"column":51}}]},"34":{"type":"branch","line":147,"loc":{"start":{"line":147,"column":47},"end":{"line":147,"column":56}},"locations":[{"start":{"line":147,"column":47},"end":{"line":147,"column":56}}]},"35":{"type":"branch","line":148,"loc":{"start":{"line":148,"column":40},"end":{"line":148,"column":62}},"locations":[{"start":{"line":148,"column":40},"end":{"line":148,"column":62}}]},"36":{"type":"branch","line":148,"loc":{"start":{"line":148,"column":58},"end":{"line":148,"column":67}},"locations":[{"start":{"line":148,"column":58},"end":{"line":148,"column":67}}]},"37":{"type":"branch","line":151,"loc":{"start":{"line":151,"column":21},"end":{"line":151,"column":49}},"locations":[{"start":{"line":151,"column":21},"end":{"line":151,"column":49}}]},"38":{"type":"branch","line":151,"loc":{"start":{"line":151,"column":49},"end":{"line":154,"column":19}},"locations":[{"start":{"line":151,"column":49},"end":{"line":154,"column":19}}]},"39":{"type":"branch","line":154,"loc":{"start":{"line":154,"column":8},"end":{"line":178,"column":9}},"locations":[{"start":{"line":154,"column":8},"end":{"line":178,"column":9}}]},"40":{"type":"branch","line":154,"loc":{"start":{"line":154,"column":58},"end":{"line":170,"column":19}},"locations":[{"start":{"line":154,"column":58},"end":{"line":170,"column":19}}]},"41":{"type":"branch","line":155,"loc":{"start":{"line":155,"column":26},"end":{"line":159,"column":17}},"locations":[{"start":{"line":155,"column":26},"end":{"line":159,"column":17}}]},"42":{"type":"branch","line":162,"loc":{"start":{"line":162,"column":66},"end":{"line":165,"column":23}},"locations":[{"start":{"line":162,"column":66},"end":{"line":165,"column":23}}]},"43":{"type":"branch","line":165,"loc":{"start":{"line":165,"column":12},"end":{"line":168,"column":13}},"locations":[{"start":{"line":165,"column":12},"end":{"line":168,"column":13}}]},"44":{"type":"branch","line":170,"loc":{"start":{"line":170,"column":8},"end":{"line":178,"column":9}},"locations":[{"start":{"line":170,"column":8},"end":{"line":178,"column":9}}]},"45":{"type":"branch","line":170,"loc":{"start":{"line":170,"column":57},"end":{"line":174,"column":15}},"locations":[{"start":{"line":170,"column":57},"end":{"line":174,"column":15}}]},"46":{"type":"branch","line":174,"loc":{"start":{"line":174,"column":8},"end":{"line":178,"column":9}},"locations":[{"start":{"line":174,"column":8},"end":{"line":178,"column":9}}]},"47":{"type":"branch","line":181,"loc":{"start":{"line":181,"column":21},"end":{"line":181,"column":49}},"locations":[{"start":{"line":181,"column":21},"end":{"line":181,"column":49}}]},"48":{"type":"branch","line":181,"loc":{"start":{"line":181,"column":49},"end":{"line":183,"column":9}},"locations":[{"start":{"line":181,"column":49},"end":{"line":183,"column":9}}]},"49":{"type":"branch","line":186,"loc":{"start":{"line":186,"column":21},"end":{"line":186,"column":49}},"locations":[{"start":{"line":186,"column":21},"end":{"line":186,"column":49}}]},"50":{"type":"branch","line":186,"loc":{"start":{"line":186,"column":49},"end":{"line":188,"column":9}},"locations":[{"start":{"line":186,"column":49},"end":{"line":188,"column":9}}]},"51":{"type":"branch","line":189,"loc":{"start":{"line":189,"column":6},"end":{"line":241,"column":7}},"locations":[{"start":{"line":189,"column":6},"end":{"line":241,"column":7}}]},"52":{"type":"branch","line":193,"loc":{"start":{"line":193,"column":29},"end":{"line":193,"column":51}},"locations":[{"start":{"line":193,"column":29},"end":{"line":193,"column":51}}]},"53":{"type":"branch","line":193,"loc":{"start":{"line":193,"column":47},"end":{"line":193,"column":56}},"locations":[{"start":{"line":193,"column":47},"end":{"line":193,"column":56}}]},"54":{"type":"branch","line":194,"loc":{"start":{"line":194,"column":40},"end":{"line":194,"column":62}},"locations":[{"start":{"line":194,"column":40},"end":{"line":194,"column":62}}]},"55":{"type":"branch","line":194,"loc":{"start":{"line":194,"column":58},"end":{"line":194,"column":67}},"locations":[{"start":{"line":194,"column":58},"end":{"line":194,"column":67}}]},"56":{"type":"branch","line":198,"loc":{"start":{"line":198,"column":10},"end":{"line":217,"column":18}},"locations":[{"start":{"line":198,"column":10},"end":{"line":217,"column":18}}]},"57":{"type":"branch","line":200,"loc":{"start":{"line":200,"column":14},"end":{"line":202,"column":22}},"locations":[{"start":{"line":200,"column":14},"end":{"line":202,"column":22}}]},"58":{"type":"branch","line":201,"loc":{"start":{"line":201,"column":56},"end":{"line":201,"column":83}},"locations":[{"start":{"line":201,"column":56},"end":{"line":201,"column":83}}]},"59":{"type":"branch","line":203,"loc":{"start":{"line":203,"column":14},"end":{"line":205,"column":22}},"locations":[{"start":{"line":203,"column":14},"end":{"line":205,"column":22}}]},"60":{"type":"branch","line":204,"loc":{"start":{"line":204,"column":57},"end":{"line":204,"column":84}},"locations":[{"start":{"line":204,"column":57},"end":{"line":204,"column":84}}]},"61":{"type":"branch","line":206,"loc":{"start":{"line":206,"column":14},"end":{"line":212,"column":22}},"locations":[{"start":{"line":206,"column":14},"end":{"line":212,"column":22}}]},"62":{"type":"branch","line":208,"loc":{"start":{"line":208,"column":54},"end":{"line":208,"column":104}},"locations":[{"start":{"line":208,"column":54},"end":{"line":208,"column":104}}]},"63":{"type":"branch","line":208,"loc":{"start":{"line":208,"column":80},"end":{"line":209,"column":101}},"locations":[{"start":{"line":208,"column":80},"end":{"line":209,"column":101}}]},"64":{"type":"branch","line":209,"loc":{"start":{"line":209,"column":54},"end":{"line":209,"column":101}},"locations":[{"start":{"line":209,"column":54},"end":{"line":209,"column":101}}]},"65":{"type":"branch","line":211,"loc":{"start":{"line":211,"column":18},"end":{"line":211,"column":45}},"locations":[{"start":{"line":211,"column":18},"end":{"line":211,"column":45}}]},"66":{"type":"branch","line":213,"loc":{"start":{"line":213,"column":14},"end":{"line":215,"column":22}},"locations":[{"start":{"line":213,"column":14},"end":{"line":215,"column":22}}]},"67":{"type":"branch","line":218,"loc":{"start":{"line":218,"column":10},"end":{"line":221,"column":18}},"locations":[{"start":{"line":218,"column":10},"end":{"line":221,"column":18}}]},"68":{"type":"branch","line":219,"loc":{"start":{"line":219,"column":51},"end":{"line":219,"column":108}},"locations":[{"start":{"line":219,"column":51},"end":{"line":219,"column":108}}]},"69":{"type":"branch","line":220,"loc":{"start":{"line":220,"column":14},"end":{"line":220,"column":41}},"locations":[{"start":{"line":220,"column":14},"end":{"line":220,"column":41}}]},"70":{"type":"branch","line":222,"loc":{"start":{"line":222,"column":10},"end":{"line":224,"column":18}},"locations":[{"start":{"line":222,"column":10},"end":{"line":224,"column":18}}]},"71":{"type":"branch","line":231,"loc":{"start":{"line":231,"column":47},"end":{"line":236,"column":9}},"locations":[{"start":{"line":231,"column":47},"end":{"line":236,"column":9}}]},"72":{"type":"branch","line":238,"loc":{"start":{"line":238,"column":21},"end":{"line":238,"column":46}},"locations":[{"start":{"line":238,"column":21},"end":{"line":238,"column":46}}]},"73":{"type":"branch","line":238,"loc":{"start":{"line":238,"column":38},"end":{"line":238,"column":68}},"locations":[{"start":{"line":238,"column":38},"end":{"line":238,"column":68}}]},"74":{"type":"branch","line":238,"loc":{"start":{"line":238,"column":55},"end":{"line":238,"column":88}},"locations":[{"start":{"line":238,"column":55},"end":{"line":238,"column":88}}]},"75":{"type":"branch","line":238,"loc":{"start":{"line":238,"column":88},"end":{"line":240,"column":9}},"locations":[{"start":{"line":238,"column":88},"end":{"line":240,"column":9}}]},"76":{"type":"branch","line":242,"loc":{"start":{"line":242,"column":4},"end":{"line":244,"column":25}},"locations":[{"start":{"line":242,"column":4},"end":{"line":244,"column":25}}]},"77":{"type":"branch","line":248,"loc":{"start":{"line":248,"column":10},"end":{"line":274,"column":3}},"locations":[{"start":{"line":248,"column":10},"end":{"line":274,"column":3}}]},"78":{"type":"branch","line":252,"loc":{"start":{"line":252,"column":24},"end":{"line":252,"column":48}},"locations":[{"start":{"line":252,"column":24},"end":{"line":252,"column":48}}]},"79":{"type":"branch","line":252,"loc":{"start":{"line":252,"column":48},"end":{"line":255,"column":5}},"locations":[{"start":{"line":252,"column":48},"end":{"line":255,"column":5}}]},"80":{"type":"branch","line":255,"loc":{"start":{"line":255,"column":4},"end":{"line":261,"column":33}},"locations":[{"start":{"line":255,"column":4},"end":{"line":261,"column":33}}]},"81":{"type":"branch","line":261,"loc":{"start":{"line":261,"column":33},"end":{"line":263,"column":15}},"locations":[{"start":{"line":261,"column":33},"end":{"line":263,"column":15}}]},"82":{"type":"branch","line":263,"loc":{"start":{"line":263,"column":4},"end":{"line":270,"column":5}},"locations":[{"start":{"line":263,"column":4},"end":{"line":270,"column":5}}]},"83":{"type":"branch","line":263,"loc":{"start":{"line":263,"column":40},"end":{"line":265,"column":15}},"locations":[{"start":{"line":263,"column":40},"end":{"line":265,"column":15}}]},"84":{"type":"branch","line":265,"loc":{"start":{"line":265,"column":4},"end":{"line":270,"column":5}},"locations":[{"start":{"line":265,"column":4},"end":{"line":270,"column":5}}]},"85":{"type":"branch","line":265,"loc":{"start":{"line":265,"column":40},"end":{"line":268,"column":11}},"locations":[{"start":{"line":265,"column":40},"end":{"line":268,"column":11}}]},"86":{"type":"branch","line":268,"loc":{"start":{"line":268,"column":4},"end":{"line":270,"column":5}},"locations":[{"start":{"line":268,"column":4},"end":{"line":270,"column":5}}]},"87":{"type":"branch","line":270,"loc":{"start":{"line":270,"column":4},"end":{"line":273,"column":29}},"locations":[{"start":{"line":270,"column":4},"end":{"line":273,"column":29}}]},"88":{"type":"branch","line":276,"loc":{"start":{"line":276,"column":10},"end":{"line":391,"column":3}},"locations":[{"start":{"line":276,"column":10},"end":{"line":391,"column":3}}]},"89":{"type":"branch","line":282,"loc":{"start":{"line":282,"column":30},"end":{"line":284,"column":5}},"locations":[{"start":{"line":282,"column":30},"end":{"line":284,"column":5}}]},"90":{"type":"branch","line":284,"loc":{"start":{"line":284,"column":4},"end":{"line":287,"column":29}},"locations":[{"start":{"line":284,"column":4},"end":{"line":287,"column":29}}]},"91":{"type":"branch","line":287,"loc":{"start":{"line":287,"column":25},"end":{"line":289,"column":113}},"locations":[{"start":{"line":287,"column":25},"end":{"line":289,"column":113}}]},"92":{"type":"branch","line":288,"loc":{"start":{"line":288,"column":32},"end":{"line":288,"column":66}},"locations":[{"start":{"line":288,"column":32},"end":{"line":288,"column":66}}]},"93":{"type":"branch","line":288,"loc":{"start":{"line":288,"column":61},"end":{"line":289,"column":113}},"locations":[{"start":{"line":288,"column":61},"end":{"line":289,"column":113}}]},"94":{"type":"branch","line":289,"loc":{"start":{"line":289,"column":57},"end":{"line":289,"column":113}},"locations":[{"start":{"line":289,"column":57},"end":{"line":289,"column":113}}]},"95":{"type":"branch","line":290,"loc":{"start":{"line":290,"column":6},"end":{"line":292,"column":5}},"locations":[{"start":{"line":290,"column":6},"end":{"line":292,"column":5}}]},"96":{"type":"branch","line":292,"loc":{"start":{"line":292,"column":4},"end":{"line":294,"column":32}},"locations":[{"start":{"line":292,"column":4},"end":{"line":294,"column":32}}]},"97":{"type":"branch","line":294,"loc":{"start":{"line":294,"column":27},"end":{"line":294,"column":69}},"locations":[{"start":{"line":294,"column":27},"end":{"line":294,"column":69}}]},"98":{"type":"branch","line":294,"loc":{"start":{"line":294,"column":69},"end":{"line":296,"column":5}},"locations":[{"start":{"line":294,"column":69},"end":{"line":296,"column":5}}]},"99":{"type":"branch","line":296,"loc":{"start":{"line":296,"column":4},"end":{"line":301,"column":30}},"locations":[{"start":{"line":296,"column":4},"end":{"line":301,"column":30}}]},"100":{"type":"branch","line":301,"loc":{"start":{"line":301,"column":30},"end":{"line":317,"column":5}},"locations":[{"start":{"line":301,"column":30},"end":{"line":317,"column":5}}]},"101":{"type":"branch","line":303,"loc":{"start":{"line":303,"column":28},"end":{"line":303,"column":57}},"locations":[{"start":{"line":303,"column":28},"end":{"line":303,"column":57}}]},"102":{"type":"branch","line":305,"loc":{"start":{"line":305,"column":8},"end":{"line":308,"column":7}},"locations":[{"start":{"line":305,"column":8},"end":{"line":308,"column":7}}]},"103":{"type":"branch","line":310,"loc":{"start":{"line":310,"column":28},"end":{"line":310,"column":57}},"locations":[{"start":{"line":310,"column":28},"end":{"line":310,"column":57}}]},"104":{"type":"branch","line":311,"loc":{"start":{"line":311,"column":40},"end":{"line":311,"column":78}},"locations":[{"start":{"line":311,"column":40},"end":{"line":311,"column":78}}]},"105":{"type":"branch","line":312,"loc":{"start":{"line":312,"column":8},"end":{"line":315,"column":7}},"locations":[{"start":{"line":312,"column":8},"end":{"line":315,"column":7}}]},"106":{"type":"branch","line":317,"loc":{"start":{"line":317,"column":4},"end":{"line":322,"column":37}},"locations":[{"start":{"line":317,"column":4},"end":{"line":322,"column":37}}]},"107":{"type":"branch","line":322,"loc":{"start":{"line":322,"column":32},"end":{"line":322,"column":64}},"locations":[{"start":{"line":322,"column":32},"end":{"line":322,"column":64}}]},"108":{"type":"branch","line":322,"loc":{"start":{"line":322,"column":64},"end":{"line":324,"column":15}},"locations":[{"start":{"line":322,"column":64},"end":{"line":324,"column":15}}]},"109":{"type":"branch","line":324,"loc":{"start":{"line":324,"column":4},"end":{"line":330,"column":5}},"locations":[{"start":{"line":324,"column":4},"end":{"line":330,"column":5}}]},"110":{"type":"branch","line":327,"loc":{"start":{"line":327,"column":4},"end":{"line":330,"column":5}},"locations":[{"start":{"line":327,"column":4},"end":{"line":330,"column":5}}]},"111":{"type":"branch","line":330,"loc":{"start":{"line":330,"column":4},"end":{"line":332,"column":61}},"locations":[{"start":{"line":330,"column":4},"end":{"line":332,"column":61}}]},"112":{"type":"branch","line":332,"loc":{"start":{"line":332,"column":56},"end":{"line":332,"column":112}},"locations":[{"start":{"line":332,"column":56},"end":{"line":332,"column":112}}]},"113":{"type":"branch","line":332,"loc":{"start":{"line":332,"column":112},"end":{"line":334,"column":15}},"locations":[{"start":{"line":332,"column":112},"end":{"line":334,"column":15}}]},"114":{"type":"branch","line":334,"loc":{"start":{"line":334,"column":4},"end":{"line":340,"column":5}},"locations":[{"start":{"line":334,"column":4},"end":{"line":340,"column":5}}]},"115":{"type":"branch","line":334,"loc":{"start":{"line":334,"column":77},"end":{"line":340,"column":5}},"locations":[{"start":{"line":334,"column":77},"end":{"line":340,"column":5}}]},"116":{"type":"branch","line":340,"loc":{"start":{"line":340,"column":4},"end":{"line":342,"column":35}},"locations":[{"start":{"line":340,"column":4},"end":{"line":342,"column":35}}]},"117":{"type":"branch","line":342,"loc":{"start":{"line":342,"column":35},"end":{"line":350,"column":5}},"locations":[{"start":{"line":342,"column":35},"end":{"line":350,"column":5}}]},"118":{"type":"branch","line":347,"loc":{"start":{"line":347,"column":25},"end":{"line":348,"column":46}},"locations":[{"start":{"line":347,"column":25},"end":{"line":348,"column":46}}]},"119":{"type":"branch","line":350,"loc":{"start":{"line":350,"column":4},"end":{"line":352,"column":35}},"locations":[{"start":{"line":350,"column":4},"end":{"line":352,"column":35}}]},"120":{"type":"branch","line":352,"loc":{"start":{"line":352,"column":35},"end":{"line":369,"column":5}},"locations":[{"start":{"line":352,"column":35},"end":{"line":369,"column":5}}]},"121":{"type":"branch","line":357,"loc":{"start":{"line":357,"column":8},"end":{"line":360,"column":48}},"locations":[{"start":{"line":357,"column":8},"end":{"line":360,"column":48}}]},"122":{"type":"branch","line":365,"loc":{"start":{"line":365,"column":27},"end":{"line":366,"column":48}},"locations":[{"start":{"line":365,"column":27},"end":{"line":366,"column":48}}]},"123":{"type":"branch","line":367,"loc":{"start":{"line":367,"column":39},"end":{"line":367,"column":62}},"locations":[{"start":{"line":367,"column":39},"end":{"line":367,"column":62}}]},"124":{"type":"branch","line":369,"loc":{"start":{"line":369,"column":4},"end":{"line":371,"column":57}},"locations":[{"start":{"line":369,"column":4},"end":{"line":371,"column":57}}]},"125":{"type":"branch","line":371,"loc":{"start":{"line":371,"column":57},"end":{"line":388,"column":38}},"locations":[{"start":{"line":371,"column":57},"end":{"line":388,"column":38}}]},"126":{"type":"branch","line":376,"loc":{"start":{"line":376,"column":25},"end":{"line":377,"column":46}},"locations":[{"start":{"line":376,"column":25},"end":{"line":377,"column":46}}]},"127":{"type":"branch","line":388,"loc":{"start":{"line":388,"column":23},"end":{"line":389,"column":44}},"locations":[{"start":{"line":388,"column":23},"end":{"line":389,"column":44}}]},"128":{"type":"branch","line":393,"loc":{"start":{"line":393,"column":10},"end":{"line":414,"column":3}},"locations":[{"start":{"line":393,"column":10},"end":{"line":414,"column":3}}]},"129":{"type":"branch","line":399,"loc":{"start":{"line":399,"column":56},"end":{"line":404,"column":5}},"locations":[{"start":{"line":399,"column":56},"end":{"line":404,"column":5}}]},"130":{"type":"branch","line":405,"loc":{"start":{"line":405,"column":44},"end":{"line":408,"column":5}},"locations":[{"start":{"line":405,"column":44},"end":{"line":408,"column":5}}]},"131":{"type":"branch","line":416,"loc":{"start":{"line":416,"column":10},"end":{"line":419,"column":3}},"locations":[{"start":{"line":416,"column":10},"end":{"line":419,"column":3}}]}},"b":{"0":[73],"1":[73],"2":[5],"3":[44],"4":[5],"5":[2],"6":[3],"7":[2],"8":[1],"9":[39],"10":[34],"11":[34],"12":[5],"13":[1],"14":[2],"15":[34],"16":[36],"17":[151],"18":[34],"19":[132],"20":[686],"21":[279],"22":[677],"23":[132],"24":[13],"25":[673],"26":[165],"27":[5],"28":[25],"29":[17],"30":[668],"31":[351],"32":[290],"33":[237],"34":[114],"35":[175],"36":[176],"37":[237],"38":[114],"39":[237],"40":[38],"41":[0],"42":[23],"43":[15],"44":[199],"45":[80],"46":[119],"47":[175],"48":[175],"49":[237],"50":[237],"51":[317],"52":[186],"53":[131],"54":[208],"55":[109],"56":[251],"57":[109],"58":[46],"59":[46],"60":[26],"61":[50],"62":[32],"63":[30],"64":[18],"65":[30],"66":[46],"67":[33],"68":[24],"69":[23],"70":[0],"71":[392],"72":[208],"73":[94],"74":[94],"75":[94],"76":[16],"77":[283],"78":[130],"79":[1],"80":[282],"81":[75],"82":[207],"83":[78],"84":[129],"85":[64],"86":[65],"87":[282],"88":[506],"89":[262],"90":[244],"91":[207],"92":[121],"93":[91],"94":[50],"95":[163],"96":[81],"97":[37],"98":[2],"99":[79],"100":[44],"101":[40],"102":[38],"103":[0],"104":[3],"105":[41],"106":[35],"107":[33],"108":[33],"109":[2],"110":[0],"111":[35],"112":[29],"113":[27],"114":[8],"115":[4],"116":[35],"117":[27],"118":[0],"119":[8],"120":[6],"121":[0],"122":[0],"123":[0],"124":[2],"125":[1],"126":[0],"127":[0],"128":[89],"129":[0],"130":[0],"131":[742]},"fnMap":{"0":{"name":"<instance_members_initializer>","decl":{"start":{"line":19,"column":7},"end":{"line":420,"column":1}},"loc":{"start":{"line":19,"column":7},"end":{"line":420,"column":1}},"line":19},"1":{"name":"Martinez","decl":{"start":{"line":32,"column":2},"end":{"line":38,"column":3}},"loc":{"start":{"line":32,"column":2},"end":{"line":38,"column":3}},"line":32},"2":{"name":"getIntersectionCount","decl":{"start":{"line":44,"column":2},"end":{"line":46,"column":3}},"loc":{"start":{"line":44,"column":2},"end":{"line":46,"column":3}},"line":44},"3":{"name":"computeBooleanOperation","decl":{"start":{"line":53,"column":2},"end":{"line":245,"column":3}},"loc":{"start":{"line":53,"column":2},"end":{"line":245,"column":3}},"line":53},"4":{"name":"processSegment","decl":{"start":{"line":248,"column":10},"end":{"line":274,"column":3}},"loc":{"start":{"line":248,"column":10},"end":{"line":274,"column":3}},"line":248},"5":{"name":"possibleIntersection","decl":{"start":{"line":276,"column":10},"end":{"line":391,"column":3}},"loc":{"start":{"line":276,"column":10},"end":{"line":391,"column":3}},"line":276},"6":{"name":"divideSegment","decl":{"start":{"line":393,"column":10},"end":{"line":414,"column":3}},"loc":{"start":{"line":393,"column":10},"end":{"line":414,"column":3}},"line":393},"7":{"name":"storeSweepEvent","decl":{"start":{"line":416,"column":10},"end":{"line":419,"column":3}},"loc":{"start":{"line":416,"column":10},"end":{"line":419,"column":3}},"line":416}},"f":{"0":73,"1":73,"2":5,"3":44,"4":283,"5":506,"6":89,"7":742}}
,"/Users/arjan/code/martinez/src/connector/Connector.ts": {"path":"/Users/arjan/code/martinez/src/connector/Connector.ts","all":false,"statementMap":{"2":{"start":{"line":3,"column":0},"end":{"line":3,"column":42}},"8":{"start":{"line":9,"column":0},"end":{"line":9,"column":24}},"9":{"start":{"line":10,"column":0},"end":{"line":10,"column":42}},"10":{"start":{"line":11,"column":0},"end":{"line":11,"column":44}},"12":{"start":{"line":13,"column":0},"end":{"line":13,"column":17}},"13":{"start":{"line":14,"column":0},"end":{"line":14,"column":32}},"14":{"start":{"line":15,"column":0},"end":{"line":15,"column":34}},"15":{"start":{"line":16,"column":0},"end":{"line":16,"column":3}},"21":{"start":{"line":22,"column":0},"end":{"line":22,"column":38}},"22":{"start":{"line":23,"column":0},"end":{"line":23,"column":23}},"23":{"start":{"line":24,"column":0},"end":{"line":24,"column":56}},"24":{"start":{"line":25,"column":0},"end":{"line":25,"column":69}},"25":{"start":{"line":26,"column":0},"end":{"line":26,"column":61}},"27":{"start":{"line":28,"column":0},"end":{"line":28,"column":79}},"28":{"start":{"line":29,"column":0},"end":{"line":29,"column":53}},"29":{"start":{"line":30,"column":0},"end":{"line":30,"column":16}},"31":{"start":{"line":32,"column":0},"end":{"line":32,"column":47}},"32":{"start":{"line":33,"column":0},"end":{"line":33,"column":67}},"33":{"start":{"line":34,"column":0},"end":{"line":34,"column":111}},"34":{"start":{"line":35,"column":0},"end":{"line":35,"column":73}},"35":{"start":{"line":36,"column":0},"end":{"line":36,"column":20}},"36":{"start":{"line":37,"column":0},"end":{"line":37,"column":13}},"37":{"start":{"line":38,"column":0},"end":{"line":38,"column":30}},"38":{"start":{"line":39,"column":0},"end":{"line":39,"column":11}},"39":{"start":{"line":40,"column":0},"end":{"line":40,"column":9}},"40":{"start":{"line":41,"column":0},"end":{"line":41,"column":15}},"41":{"start":{"line":42,"column":0},"end":{"line":42,"column":7}},"42":{"start":{"line":43,"column":0},"end":{"line":43,"column":19}},"43":{"start":{"line":44,"column":0},"end":{"line":44,"column":5}},"46":{"start":{"line":47,"column":0},"end":{"line":47,"column":38}},"47":{"start":{"line":48,"column":0},"end":{"line":48,"column":44}},"48":{"start":{"line":49,"column":0},"end":{"line":49,"column":42}},"49":{"start":{"line":50,"column":0},"end":{"line":50,"column":3}},"54":{"start":{"line":55,"column":0},"end":{"line":55,"column":35}},"55":{"start":{"line":56,"column":0},"end":{"line":56,"column":36}},"56":{"start":{"line":57,"column":0},"end":{"line":57,"column":3}},"61":{"start":{"line":62,"column":0},"end":{"line":62,"column":20}},"62":{"start":{"line":63,"column":0},"end":{"line":63,"column":34}},"63":{"start":{"line":64,"column":0},"end":{"line":64,"column":32}},"64":{"start":{"line":65,"column":0},"end":{"line":65,"column":3}},"69":{"start":{"line":70,"column":0},"end":{"line":70,"column":33}},"70":{"start":{"line":71,"column":0},"end":{"line":71,"column":43}},"71":{"start":{"line":72,"column":0},"end":{"line":72,"column":3}},"77":{"start":{"line":78,"column":0},"end":{"line":78,"column":43}},"78":{"start":{"line":79,"column":0},"end":{"line":79,"column":51}},"79":{"start":{"line":80,"column":0},"end":{"line":80,"column":54}},"80":{"start":{"line":81,"column":0},"end":{"line":81,"column":46}},"81":{"start":{"line":82,"column":0},"end":{"line":82,"column":32}},"82":{"start":{"line":83,"column":0},"end":{"line":83,"column":7}},"83":{"start":{"line":84,"column":0},"end":{"line":84,"column":5}},"84":{"start":{"line":85,"column":0},"end":{"line":85,"column":3}},"87":{"start":{"line":88,"column":0},"end":{"line":88,"column":24}},"88":{"start":{"line":89,"column":0},"end":{"line":89,"column":31}},"89":{"start":{"line":90,"column":0},"end":{"line":90,"column":29}},"90":{"start":{"line":91,"column":0},"end":{"line":91,"column":24}},"91":{"start":{"line":92,"column":0},"end":{"line":92,"column":34}},"92":{"start":{"line":93,"column":0},"end":{"line":93,"column":1}}},"s":{"2":1,"8":1,"9":57,"10":57,"12":57,"13":57,"14":57,"15":57,"21":57,"22":248,"23":248,"24":199,"25":176,"27":45,"28":45,"29":176,"31":131,"32":131,"33":21,"34":13,"35":13,"36":13,"37":8,"38":8,"39":131,"40":176,"41":176,"42":23,"43":23,"46":72,"47":72,"48":72,"49":248,"54":57,"55":9,"56":9,"61":57,"62":2,"63":2,"64":2,"69":57,"70":20,"71":20,"77":57,"78":38,"79":37,"80":37,"81":173,"82":173,"83":37,"84":38,"87":57,"88":57,"89":57,"90":57,"91":57,"92":57},"branchMap":{"0":{"type":"branch","line":9,"loc":{"start":{"line":9,"column":7},"end":{"line":93,"column":1}},"locations":[{"start":{"line":9,"column":7},"end":{"line":93,"column":1}}]},"1":{"type":"branch","line":13,"loc":{"start":{"line":13,"column":2},"end":{"line":16,"column":3}},"locations":[{"start":{"line":13,"column":2},"end":{"line":16,"column":3}}]},"2":{"type":"branch","line":22,"loc":{"start":{"line":22,"column":2},"end":{"line":50,"column":3}},"locations":[{"start":{"line":22,"column":2},"end":{"line":50,"column":3}}]},"3":{"type":"branch","line":24,"loc":{"start":{"line":24,"column":55},"end":{"line":44,"column":5}},"locations":[{"start":{"line":24,"column":55},"end":{"line":44,"column":5}}]},"4":{"type":"branch","line":25,"loc":{"start":{"line":25,"column":68},"end":{"line":42,"column":7}},"locations":[{"start":{"line":25,"column":68},"end":{"line":42,"column":7}}]},"5":{"type":"branch","line":26,"loc":{"start":{"line":26,"column":60},"end":{"line":30,"column":15}},"locations":[{"start":{"line":26,"column":60},"end":{"line":30,"column":15}}]},"6":{"type":"branch","line":30,"loc":{"start":{"line":30,"column":8},"end":{"line":40,"column":9}},"locations":[{"start":{"line":30,"column":8},"end":{"line":40,"column":9}}]},"7":{"type":"branch","line":33,"loc":{"start":{"line":33,"column":66},"end":{"line":39,"column":11}},"locations":[{"start":{"line":33,"column":66},"end":{"line":39,"column":11}}]},"8":{"type":"branch","line":34,"loc":{"start":{"line":34,"column":110},"end":{"line":37,"column":13}},"locations":[{"start":{"line":34,"column":110},"end":{"line":37,"column":13}}]},"9":{"type":"branch","line":37,"loc":{"start":{"line":37,"column":12},"end":{"line":39,"column":11}},"locations":[{"start":{"line":37,"column":12},"end":{"line":39,"column":11}}]},"10":{"type":"branch","line":42,"loc":{"start":{"line":42,"column":6},"end":{"line":44,"column":5}},"locations":[{"start":{"line":42,"column":6},"end":{"line":44,"column":5}}]},"11":{"type":"branch","line":44,"loc":{"start":{"line":44,"column":4},"end":{"line":49,"column":42}},"locations":[{"start":{"line":44,"column":4},"end":{"line":49,"column":42}}]},"12":{"type":"branch","line":55,"loc":{"start":{"line":55,"column":2},"end":{"line":57,"column":3}},"locations":[{"start":{"line":55,"column":2},"end":{"line":57,"column":3}}]},"13":{"type":"branch","line":62,"loc":{"start":{"line":62,"column":2},"end":{"line":65,"column":3}},"locations":[{"start":{"line":62,"column":2},"end":{"line":65,"column":3}}]},"14":{"type":"branch","line":70,"loc":{"start":{"line":70,"column":2},"end":{"line":72,"column":3}},"locations":[{"start":{"line":70,"column":2},"end":{"line":72,"column":3}}]},"15":{"type":"branch","line":78,"loc":{"start":{"line":78,"column":2},"end":{"line":85,"column":3}},"locations":[{"start":{"line":78,"column":2},"end":{"line":85,"column":3}}]},"16":{"type":"branch","line":79,"loc":{"start":{"line":79,"column":50},"end":{"line":84,"column":5}},"locations":[{"start":{"line":79,"column":50},"end":{"line":84,"column":5}}]},"17":{"type":"branch","line":81,"loc":{"start":{"line":81,"column":45},"end":{"line":83,"column":7}},"locations":[{"start":{"line":81,"column":45},"end":{"line":83,"column":7}}]}},"b":{"0":[57],"1":[57],"2":[248],"3":[199],"4":[176],"5":[45],"6":[131],"7":[21],"8":[13],"9":[8],"10":[23],"11":[72],"12":[9],"13":[2],"14":[20],"15":[38],"16":[37],"17":[173]},"fnMap":{"0":{"name":"<instance_members_initializer>","decl":{"start":{"line":9,"column":7},"end":{"line":93,"column":1}},"loc":{"start":{"line":9,"column":7},"end":{"line":93,"column":1}},"line":9},"1":{"name":"Connector","decl":{"start":{"line":13,"column":2},"end":{"line":16,"column":3}},"loc":{"start":{"line":13,"column":2},"end":{"line":16,"column":3}},"line":13},"2":{"name":"addSegment","decl":{"start":{"line":22,"column":2},"end":{"line":50,"column":3}},"loc":{"start":{"line":22,"column":2},"end":{"line":50,"column":3}},"line":22},"3":{"name":"getClosedChains","decl":{"start":{"line":55,"column":2},"end":{"line":57,"column":3}},"loc":{"start":{"line":55,"column":2},"end":{"line":57,"column":3}},"line":55},"4":{"name":"clearAll","decl":{"start":{"line":62,"column":2},"end":{"line":65,"column":3}},"loc":{"start":{"line":62,"column":2},"end":{"line":65,"column":3}},"line":62},"5":{"name":"getClosedChainCount","decl":{"start":{"line":70,"column":2},"end":{"line":72,"column":3}},"loc":{"start":{"line":70,"column":2},"end":{"line":72,"column":3}},"line":70},"6":{"name":"toPolygon","decl":{"start":{"line":78,"column":2},"end":{"line":85,"column":3}},"loc":{"start":{"line":78,"column":2},"end":{"line":85,"column":3}},"line":78}},"f":{"0":57,"1":57,"2":248,"3":9,"4":2,"5":20,"6":38}}
,"/Users/arjan/code/martinez/src/connector/PointChain.ts": {"path":"/Users/arjan/code/martinez/src/connector/PointChain.ts","all":false,"statementMap":{"6":{"start":{"line":7,"column":0},"end":{"line":7,"column":25}},"7":{"start":{"line":8,"column":0},"end":{"line":8,"column":86}},"8":{"start":{"line":9,"column":0},"end":{"line":9,"column":57}},"10":{"start":{"line":11,"column":0},"end":{"line":11,"column":17}},"11":{"start":{"line":12,"column":0},"end":{"line":12,"column":24}},"12":{"start":{"line":13,"column":0},"end":{"line":13,"column":31}},"13":{"start":{"line":14,"column":0},"end":{"line":14,"column":3}},"18":{"start":{"line":19,"column":0},"end":{"line":19,"column":49}},"19":{"start":{"line":20,"column":0},"end":{"line":20,"column":41}},"20":{"start":{"line":21,"column":0},"end":{"line":21,"column":39}},"21":{"start":{"line":22,"column":0},"end":{"line":22,"column":3}},"28":{"start":{"line":29,"column":0},"end":{"line":29,"column":42}},"29":{"start":{"line":30,"column":0},"end":{"line":30,"column":41}},"30":{"start":{"line":31,"column":0},"end":{"line":31,"column":37}},"32":{"start":{"line":33,"column":0},"end":{"line":33,"column":93}},"34":{"start":{"line":35,"column":0},"end":{"line":35,"column":137}},"36":{"start":{"line":37,"column":0},"end":{"line":37,"column":34}},"37":{"start":{"line":38,"column":0},"end":{"line":38,"column":60}},"38":{"start":{"line":39,"column":0},"end":{"line":39,"column":18}},"39":{"start":{"line":40,"column":0},"end":{"line":40,"column":5}},"41":{"start":{"line":42,"column":0},"end":{"line":42,"column":137}},"43":{"start":{"line":44,"column":0},"end":{"line":44,"column":93}},"45":{"start":{"line":46,"column":0},"end":{"line":46,"column":34}},"46":{"start":{"line":47,"column":0},"end":{"line":47,"column":58}},"47":{"start":{"line":48,"column":0},"end":{"line":48,"column":18}},"48":{"start":{"line":49,"column":0},"end":{"line":49,"column":5}},"50":{"start":{"line":51,"column":0},"end":{"line":51,"column":89}},"52":{"start":{"line":53,"column":0},"end":{"line":53,"column":141}},"54":{"start":{"line":55,"column":0},"end":{"line":55,"column":34}},"55":{"start":{"line":56,"column":0},"end":{"line":56,"column":62}},"56":{"start":{"line":57,"column":0},"end":{"line":57,"column":18}},"57":{"start":{"line":58,"column":0},"end":{"line":58,"column":5}},"59":{"start":{"line":60,"column":0},"end":{"line":60,"column":141}},"61":{"start":{"line":62,"column":0},"end":{"line":62,"column":89}},"63":{"start":{"line":64,"column":0},"end":{"line":64,"column":34}},"64":{"start":{"line":65,"column":0},"end":{"line":65,"column":56}},"65":{"start":{"line":66,"column":0},"end":{"line":66,"column":18}},"66":{"start":{"line":67,"column":0},"end":{"line":67,"column":5}},"68":{"start":{"line":69,"column":0},"end":{"line":69,"column":17}},"69":{"start":{"line":70,"column":0},"end":{"line":70,"column":3}},"76":{"start":{"line":77,"column":0},"end":{"line":77,"column":46}},"77":{"start":{"line":78,"column":0},"end":{"line":78,"column":8}},"78":{"start":{"line":79,"column":0},"end":{"line":79,"column":79}},"79":{"start":{"line":80,"column":0},"end":{"line":80,"column":76}},"80":{"start":{"line":81,"column":0},"end":{"line":81,"column":7}},"82":{"start":{"line":83,"column":0},"end":{"line":83,"column":43}},"83":{"start":{"line":84,"column":0},"end":{"line":84,"column":91}},"84":{"start":{"line":85,"column":0},"end":{"line":85,"column":18}},"85":{"start":{"line":86,"column":0},"end":{"line":86,"column":5}},"87":{"start":{"line":88,"column":0},"end":{"line":88,"column":8}},"88":{"start":{"line":89,"column":0},"end":{"line":89,"column":80}},"89":{"start":{"line":90,"column":0},"end":{"line":90,"column":77}},"90":{"start":{"line":91,"column":0},"end":{"line":91,"column":7}},"92":{"start":{"line":93,"column":0},"end":{"line":93,"column":42}},"93":{"start":{"line":94,"column":0},"end":{"line":94,"column":73}},"94":{"start":{"line":95,"column":0},"end":{"line":95,"column":18}},"95":{"start":{"line":96,"column":0},"end":{"line":96,"column":5}},"97":{"start":{"line":98,"column":0},"end":{"line":98,"column":107}},"99":{"start":{"line":100,"column":0},"end":{"line":100,"column":42}},"100":{"start":{"line":101,"column":0},"end":{"line":101,"column":43}},"101":{"start":{"line":102,"column":0},"end":{"line":102,"column":73}},"102":{"start":{"line":103,"column":0},"end":{"line":103,"column":18}},"103":{"start":{"line":104,"column":0},"end":{"line":104,"column":5}},"105":{"start":{"line":106,"column":0},"end":{"line":106,"column":8}},"106":{"start":{"line":107,"column":0},"end":{"line":107,"column":104}},"107":{"start":{"line":108,"column":0},"end":{"line":108,"column":101}},"108":{"start":{"line":109,"column":0},"end":{"line":109,"column":7}},"110":{"start":{"line":111,"column":0},"end":{"line":111,"column":39}},"111":{"start":{"line":112,"column":0},"end":{"line":112,"column":43}},"112":{"start":{"line":113,"column":0},"end":{"line":113,"column":91}},"113":{"start":{"line":114,"column":0},"end":{"line":114,"column":18}},"114":{"start":{"line":115,"column":0},"end":{"line":115,"column":5}},"116":{"start":{"line":117,"column":0},"end":{"line":117,"column":17}},"117":{"start":{"line":118,"column":0},"end":{"line":118,"column":3}},"122":{"start":{"line":123,"column":0},"end":{"line":123,"column":23}},"123":{"start":{"line":124,"column":0},"end":{"line":124,"column":30}},"124":{"start":{"line":125,"column":0},"end":{"line":125,"column":3}},"129":{"start":{"line":130,"column":0},"end":{"line":130,"column":24}},"130":{"start":{"line":131,"column":0},"end":{"line":131,"column":26}},"131":{"start":{"line":132,"column":0},"end":{"line":132,"column":3}},"136":{"start":{"line":137,"column":0},"end":{"line":137,"column":22}},"137":{"start":{"line":138,"column":0},"end":{"line":138,"column":24}},"138":{"start":{"line":139,"column":0},"end":{"line":139,"column":3}},"143":{"start":{"line":144,"column":0},"end":{"line":144,"column":21}},"144":{"start":{"line":145,"column":0},"end":{"line":145,"column":33}},"145":{"start":{"line":146,"column":0},"end":{"line":146,"column":3}},"148":{"start":{"line":149,"column":0},"end":{"line":149,"column":36}},"149":{"start":{"line":150,"column":0},"end":{"line":150,"column":25}},"150":{"start":{"line":151,"column":0},"end":{"line":151,"column":25}},"151":{"start":{"line":152,"column":0},"end":{"line":152,"column":23}},"152":{"start":{"line":153,"column":0},"end":{"line":153,"column":26}},"153":{"start":{"line":154,"column":0},"end":{"line":154,"column":22}},"154":{"start":{"line":155,"column":0},"end":{"line":155,"column":39}},"155":{"start":{"line":156,"column":0},"end":{"line":156,"column":46}},"156":{"start":{"line":157,"column":0},"end":{"line":157,"column":61}},"157":{"start":{"line":158,"column":0},"end":{"line":158,"column":1}}},"s":{"6":1,"7":128,"8":128,"10":128,"11":128,"12":128,"13":128,"18":128,"19":117,"20":117,"21":117,"28":128,"29":217,"30":217,"32":217,"34":8,"36":8,"37":5,"38":8,"39":8,"41":217,"43":82,"45":82,"46":82,"47":82,"48":82,"50":217,"52":75,"54":75,"55":27,"56":75,"57":75,"59":217,"61":27,"63":27,"64":27,"65":27,"66":27,"68":25,"69":217,"76":128,"77":29,"78":29,"79":9,"80":29,"82":9,"83":9,"84":9,"85":9,"87":20,"88":20,"89":14,"90":29,"92":2,"93":2,"94":2,"95":2,"97":29,"99":7,"100":7,"101":7,"102":7,"103":7,"105":11,"106":11,"107":1,"108":29,"110":1,"111":1,"112":1,"113":1,"114":1,"116":10,"117":29,"122":128,"123":191,"124":191,"129":128,"130":72,"131":72,"136":128,"137":2,"138":2,"143":128,"144":7,"145":7,"148":128,"149":128,"150":128,"151":128,"152":128,"153":128,"154":128,"155":128,"156":128,"157":128},"branchMap":{"0":{"type":"branch","line":7,"loc":{"start":{"line":7,"column":7},"end":{"line":158,"column":1}},"locations":[{"start":{"line":7,"column":7},"end":{"line":158,"column":1}}]},"1":{"type":"branch","line":11,"loc":{"start":{"line":11,"column":2},"end":{"line":14,"column":3}},"locations":[{"start":{"line":11,"column":2},"end":{"line":14,"column":3}}]},"2":{"type":"branch","line":19,"loc":{"start":{"line":19,"column":2},"end":{"line":22,"column":3}},"locations":[{"start":{"line":19,"column":2},"end":{"line":22,"column":3}}]},"3":{"type":"branch","line":29,"loc":{"start":{"line":29,"column":2},"end":{"line":70,"column":3}},"locations":[{"start":{"line":29,"column":2},"end":{"line":70,"column":3}}]},"4":{"type":"branch","line":33,"loc":{"start":{"line":33,"column":46},"end":{"line":33,"column":92}},"locations":[{"start":{"line":33,"column":46},"end":{"line":33,"column":92}}]},"5":{"type":"branch","line":33,"loc":{"start":{"line":33,"column":92},"end":{"line":40,"column":5}},"locations":[{"start":{"line":33,"column":92},"end":{"line":40,"column":5}}]},"6":{"type":"branch","line":35,"loc":{"start":{"line":35,"column":70},"end":{"line":35,"column":137}},"locations":[{"start":{"line":35,"column":70},"end":{"line":35,"column":137}}]},"7":{"type":"branch","line":37,"loc":{"start":{"line":37,"column":8},"end":{"line":38,"column":60}},"locations":[{"start":{"line":37,"column":8},"end":{"line":38,"column":60}}]},"8":{"type":"branch","line":37,"loc":{"start":{"line":37,"column":8},"end":{"line":37,"column":34}},"locations":[{"start":{"line":37,"column":8},"end":{"line":37,"column":34}}]},"9":{"type":"branch","line":37,"loc":{"start":{"line":37,"column":29},"end":{"line":38,"column":60}},"locations":[{"start":{"line":37,"column":29},"end":{"line":38,"column":60}}]},"10":{"type":"branch","line":40,"loc":{"start":{"line":40,"column":4},"end":{"line":42,"column":73}},"locations":[{"start":{"line":40,"column":4},"end":{"line":42,"column":73}}]},"11":{"type":"branch","line":42,"loc":{"start":{"line":42,"column":68},"end":{"line":42,"column":136}},"locations":[{"start":{"line":42,"column":68},"end":{"line":42,"column":136}}]},"12":{"type":"branch","line":42,"loc":{"start":{"line":42,"column":136},"end":{"line":49,"column":5}},"locations":[{"start":{"line":42,"column":136},"end":{"line":49,"column":5}}]},"13":{"type":"branch","line":44,"loc":{"start":{"line":44,"column":48},"end":{"line":44,"column":93}},"locations":[{"start":{"line":44,"column":48},"end":{"line":44,"column":93}}]},"14":{"type":"branch","line":46,"loc":{"start":{"line":46,"column":8},"end":{"line":46,"column":34}},"locations":[{"start":{"line":46,"column":8},"end":{"line":46,"column":34}}]},"15":{"type":"branch","line":49,"loc":{"start":{"line":49,"column":4},"end":{"line":51,"column":49}},"locations":[{"start":{"line":49,"column":4},"end":{"line":51,"column":49}}]},"16":{"type":"branch","line":51,"loc":{"start":{"line":51,"column":44},"end":{"line":51,"column":88}},"locations":[{"start":{"line":51,"column":44},"end":{"line":51,"column":88}}]},"17":{"type":"branch","line":51,"loc":{"start":{"line":51,"column":88},"end":{"line":58,"column":5}},"locations":[{"start":{"line":51,"column":88},"end":{"line":58,"column":5}}]},"18":{"type":"branch","line":53,"loc":{"start":{"line":53,"column":72},"end":{"line":53,"column":141}},"locations":[{"start":{"line":53,"column":72},"end":{"line":53,"column":141}}]},"19":{"type":"branch","line":55,"loc":{"start":{"line":55,"column":8},"end":{"line":55,"column":34}},"locations":[{"start":{"line":55,"column":8},"end":{"line":55,"column":34}}]},"20":{"type":"branch","line":55,"loc":{"start":{"line":55,"column":29},"end":{"line":56,"column":62}},"locations":[{"start":{"line":55,"column":29},"end":{"line":56,"column":62}}]},"21":{"type":"branch","line":58,"loc":{"start":{"line":58,"column":4},"end":{"line":60,"column":75}},"locations":[{"start":{"line":58,"column":4},"end":{"line":60,"column":75}}]},"22":{"type":"branch","line":60,"loc":{"start":{"line":60,"column":70},"end":{"line":60,"column":140}},"locations":[{"start":{"line":60,"column":70},"end":{"line":60,"column":140}}]},"23":{"type":"branch","line":60,"loc":{"start":{"line":60,"column":140},"end":{"line":67,"column":5}},"locations":[{"start":{"line":60,"column":140},"end":{"line":67,"column":5}}]},"24":{"type":"branch","line":62,"loc":{"start":{"line":62,"column":46},"end":{"line":62,"column":89}},"locations":[{"start":{"line":62,"column":46},"end":{"line":62,"column":89}}]},"25":{"type":"branch","line":64,"loc":{"start":{"line":64,"column":8},"end":{"line":64,"column":34}},"locations":[{"start":{"line":64,"column":8},"end":{"line":64,"column":34}}]},"26":{"type":"branch","line":67,"loc":{"start":{"line":67,"column":4},"end":{"line":69,"column":17}},"locations":[{"start":{"line":67,"column":4},"end":{"line":69,"column":17}}]},"27":{"type":"branch","line":77,"loc":{"start":{"line":77,"column":2},"end":{"line":118,"column":3}},"locations":[{"start":{"line":77,"column":2},"end":{"line":118,"column":3}}]},"28":{"type":"branch","line":79,"loc":{"start":{"line":79,"column":75},"end":{"line":80,"column":76}},"locations":[{"start":{"line":79,"column":75},"end":{"line":80,"column":76}}]},"29":{"type":"branch","line":81,"loc":{"start":{"line":81,"column":6},"end":{"line":86,"column":5}},"locations":[{"start":{"line":81,"column":6},"end":{"line":86,"column":5}}]},"30":{"type":"branch","line":86,"loc":{"start":{"line":86,"column":4},"end":{"line":89,"column":80}},"locations":[{"start":{"line":86,"column":4},"end":{"line":89,"column":80}}]},"31":{"type":"branch","line":89,"loc":{"start":{"line":89,"column":76},"end":{"line":90,"column":77}},"locations":[{"start":{"line":89,"column":76},"end":{"line":90,"column":77}}]},"32":{"type":"branch","line":91,"loc":{"start":{"line":91,"column":6},"end":{"line":98,"column":58}},"locations":[{"start":{"line":91,"column":6},"end":{"line":98,"column":58}}]},"33":{"type":"branch","line":91,"loc":{"start":{"line":91,"column":6},"end":{"line":96,"column":5}},"locations":[{"start":{"line":91,"column":6},"end":{"line":96,"column":5}}]},"34":{"type":"branch","line":96,"loc":{"start":{"line":96,"column":4},"end":{"line":98,"column":58}},"locations":[{"start":{"line":96,"column":4},"end":{"line":98,"column":58}}]},"35":{"type":"branch","line":98,"loc":{"start":{"line":98,"column":53},"end":{"line":98,"column":106}},"locations":[{"start":{"line":98,"column":53},"end":{"line":98,"column":106}}]},"36":{"type":"branch","line":98,"loc":{"start":{"line":98,"column":106},"end":{"line":104,"column":5}},"locations":[{"start":{"line":98,"column":106},"end":{"line":104,"column":5}}]},"37":{"type":"branch","line":104,"loc":{"start":{"line":104,"column":4},"end":{"line":107,"column":104}},"locations":[{"start":{"line":104,"column":4},"end":{"line":107,"column":104}}]},"38":{"type":"branch","line":107,"loc":{"start":{"line":107,"column":100},"end":{"line":108,"column":101}},"locations":[{"start":{"line":107,"column":100},"end":{"line":108,"column":101}}]},"39":{"type":"branch","line":109,"loc":{"start":{"line":109,"column":6},"end":{"line":115,"column":5}},"locations":[{"start":{"line":109,"column":6},"end":{"line":115,"column":5}}]},"40":{"type":"branch","line":115,"loc":{"start":{"line":115,"column":4},"end":{"line":117,"column":17}},"locations":[{"start":{"line":115,"column":4},"end":{"line":117,"column":17}}]},"41":{"type":"branch","line":123,"loc":{"start":{"line":123,"column":2},"end":{"line":125,"column":3}},"locations":[{"start":{"line":123,"column":2},"end":{"line":125,"column":3}}]},"42":{"type":"branch","line":130,"loc":{"start":{"line":130,"column":2},"end":{"line":132,"column":3}},"locations":[{"start":{"line":130,"column":2},"end":{"line":132,"column":3}}]},"43":{"type":"branch","line":137,"loc":{"start":{"line":137,"column":2},"end":{"line":139,"column":3}},"locations":[{"start":{"line":137,"column":2},"end":{"line":139,"column":3}}]},"44":{"type":"branch","line":144,"loc":{"start":{"line":144,"column":2},"end":{"line":146,"column":3}},"locations":[{"start":{"line":144,"column":2},"end":{"line":146,"column":3}}]},"45":{"type":"branch","line":155,"loc":{"start":{"line":155,"column":2},"end":{"l
[...]
,"/Users/arjan/code/martinez/src/sweep-line/SweepEventComparator.ts": {"path":"/Users/arjan/code/martinez/src/sweep-line/SweepEventComparator.ts","all":false,"statementMap":{"5":{"start":{"line":6,"column":0},"end":{"line":6,"column":35}},"12":{"start":{"line":13,"column":0},"end":{"line":13,"column":76}},"13":{"start":{"line":14,"column":0},"end":{"line":14,"column":51}},"15":{"start":{"line":16,"column":0},"end":{"line":16,"column":18}},"16":{"start":{"line":17,"column":0},"end":{"line":17,"column":5}},"17":{"start":{"line":18,"column":0},"end":{"line":18,"column":51}},"19":{"start":{"line":20,"column":0},"end":{"line":20,"column":19}},"20":{"start":{"line":21,"column":0},"end":{"line":21,"column":5}},"21":{"start":{"line":22,"column":0},"end":{"line":22,"column":99}},"23":{"start":{"line":24,"column":0},"end":{"line":24,"column":54}},"24":{"start":{"line":25,"column":0},"end":{"line":25,"column":5}},"25":{"start":{"line":26,"column":0},"end":{"line":26,"column":67}},"27":{"start":{"line":28,"column":0},"end":{"line":28,"column":39}},"28":{"start":{"line":29,"column":0},"end":{"line":29,"column":5}},"30":{"start":{"line":31,"column":0},"end":{"line":31,"column":73}},"31":{"start":{"line":32,"column":0},"end":{"line":32,"column":3}},"32":{"start":{"line":33,"column":0},"end":{"line":33,"column":1}}},"s":{"5":1,"12":1,"13":5000,"15":1531,"16":1531,"17":5000,"19":1142,"20":1142,"21":5000,"23":1301,"24":1301,"25":4976,"27":497,"28":497,"30":529,"31":5000,"32":1},"branchMap":{"0":{"type":"branch","line":13,"loc":{"start":{"line":13,"column":9},"end":{"line":32,"column":3}},"locations":[{"start":{"line":13,"column":9},"end":{"line":32,"column":3}}]},"1":{"type":"branch","line":14,"loc":{"start":{"line":14,"column":50},"end":{"line":17,"column":5}},"locations":[{"start":{"line":14,"column":50},"end":{"line":17,"column":5}}]},"2":{"type":"branch","line":17,"loc":{"start":{"line":17,"column":4},"end":{"line":18,"column":50}},"locations":[{"start":{"line":17,"column":4},"end":{"line":18,"column":50}}]},"3":{"type":"branch","line":18,"loc":{"start":{"line":18,"column":50},"end":{"line":21,"column":5}},"locations":[{"start":{"line":18,"column":50},"end":{"line":21,"column":5}}]},"4":{"type":"branch","line":21,"loc":{"start":{"line":21,"column":4},"end":{"line":22,"column":98}},"locations":[{"start":{"line":21,"column":4},"end":{"line":22,"column":98}}]},"5":{"type":"branch","line":22,"loc":{"start":{"line":22,"column":98},"end":{"line":25,"column":5}},"locations":[{"start":{"line":22,"column":98},"end":{"line":25,"column":5}}]},"6":{"type":"branch","line":25,"loc":{"start":{"line":25,"column":4},"end":{"line":31,"column":73}},"locations":[{"start":{"line":25,"column":4},"end":{"line":31,"column":73}}]},"7":{"type":"branch","line":25,"loc":{"start":{"line":25,"column":4},"end":{"line":26,"column":66}},"locations":[{"start":{"line":25,"column":4},"end":{"line":26,"column":66}}]},"8":{"type":"branch","line":26,"loc":{"start":{"line":26,"column":66},"end":{"line":29,"column":5}},"locations":[{"start":{"line":26,"column":66},"end":{"line":29,"column":5}}]},"9":{"type":"branch","line":29,"loc":{"start":{"line":29,"column":4},"end":{"line":31,"column":73}},"locations":[{"start":{"line":29,"column":4},"end":{"line":31,"column":73}}]}},"b":{"0":[5000],"1":[1531],"2":[3469],"3":[1142],"4":[2327],"5":[1301],"6":[4976],"7":[1026],"8":[497],"9":[529]},"fnMap":{"0":{"name":"compare","decl":{"start":{"line":13,"column":9},"end":{"line":32,"column":3}},"loc":{"start":{"line":13,"column":9},"end":{"line":32,"column":3}},"line":13}},"f":{"0":5000}}
,"/Users/arjan/code/martinez/src/sweep-line/index.ts": {"path":"/Users/arjan/code/martinez/src/sweep-line/index.ts","all":false,"statementMap":{"0":{"start":{"line":1,"column":0},"end":{"line":1,"column":42}},"1":{"start":{"line":2,"column":0},"end":{"line":2,"column":62}},"2":{"start":{"line":3,"column":0},"end":{"line":3,"column":56}}},"s":{"0":1,"1":1,"2":1},"branchMap":{},"b":{},"fnMap":{},"f":{}}
,"/Users/arjan/code/martinez/src/types/Contour.ts": {"path":"/Users/arjan/code/martinez/src/types/Contour.ts","all":false,"statementMap":{"0":{"start":{"line":1,"column":0},"end":{"line":1,"column":36}},"6":{"start":{"line":7,"column":0},"end":{"line":7,"column":22}},"7":{"start":{"line":8,"column":0},"end":{"line":8,"column":31}},"9":{"start":{"line":10,"column":0},"end":{"line":10,"column":37}},"10":{"start":{"line":11,"column":0},"end":{"line":11,"column":30}},"11":{"start":{"line":12,"column":0},"end":{"line":12,"column":3}},"13":{"start":{"line":14,"column":0},"end":{"line":14,"column":23}},"14":{"start":{"line":15,"column":0},"end":{"line":15,"column":30}},"15":{"start":{"line":16,"column":0},"end":{"line":16,"column":3}},"17":{"start":{"line":18,"column":0},"end":{"line":18,"column":31}},"18":{"start":{"line":19,"column":0},"end":{"line":19,"column":31}},"19":{"start":{"line":20,"column":0},"end":{"line":20,"column":58}},"20":{"start":{"line":21,"column":0},"end":{"line":21,"column":31}},"21":{"start":{"line":22,"column":0},"end":{"line":22,"column":3}},"23":{"start":{"line":24,"column":0},"end":{"line":24,"column":32}},"24":{"start":{"line":25,"column":0},"end":{"line":25,"column":28}},"25":{"start":{"line":26,"column":0},"end":{"line":26,"column":3}},"27":{"start":{"line":28,"column":0},"end":{"line":28,"column":24}},"28":{"start":{"line":29,"column":0},"end":{"line":29,"column":28}},"29":{"start":{"line":30,"column":0},"end":{"line":30,"column":3}},"31":{"start":{"line":32,"column":0},"end":{"line":32,"column":36}},"32":{"start":{"line":33,"column":0},"end":{"line":33,"column":30}},"33":{"start":{"line":34,"column":0},"end":{"line":34,"column":3}},"34":{"start":{"line":35,"column":0},"end":{"line":35,"column":1}}},"s":{"0":1,"6":1,"7":189,"9":189,"10":189,"11":189,"13":189,"14":756,"15":756,"17":189,"18":606,"19":606,"20":606,"21":606,"23":189,"24":173,"25":173,"27":189,"28":22,"29":22,"31":189,"32":0,"33":0,"34":189},"branchMap":{"0":{"type":"branch","line":7,"loc":{"start":{"line":7,"column":7},"end":{"line":35,"column":1}},"locations":[{"start":{"line":7,"column":7},"end":{"line":35,"column":1}}]},"1":{"type":"branch","line":10,"loc":{"start":{"line":10,"column":2},"end":{"line":12,"column":3}},"locations":[{"start":{"line":10,"column":2},"end":{"line":12,"column":3}}]},"2":{"type":"branch","line":14,"loc":{"start":{"line":14,"column":2},"end":{"line":16,"column":3}},"locations":[{"start":{"line":14,"column":2},"end":{"line":16,"column":3}}]},"3":{"type":"branch","line":18,"loc":{"start":{"line":18,"column":2},"end":{"line":22,"column":3}},"locations":[{"start":{"line":18,"column":2},"end":{"line":22,"column":3}}]},"4":{"type":"branch","line":24,"loc":{"start":{"line":24,"column":2},"end":{"line":26,"column":3}},"locations":[{"start":{"line":24,"column":2},"end":{"line":26,"column":3}}]},"5":{"type":"branch","line":28,"loc":{"start":{"line":28,"column":2},"end":{"line":30,"column":3}},"locations":[{"start":{"line":28,"column":2},"end":{"line":30,"column":3}}]}},"b":{"0":[189],"1":[189],"2":[756],"3":[606],"4":[173],"5":[22]},"fnMap":{"0":{"name":"<instance_members_initializer>","decl":{"start":{"line":7,"column":7},"end":{"line":35,"column":1}},"loc":{"start":{"line":7,"column":7},"end":{"line":35,"column":1}},"line":7},"1":{"name":"Contour","decl":{"start":{"line":10,"column":2},"end":{"line":12,"column":3}},"loc":{"start":{"line":10,"column":2},"end":{"line":12,"column":3}},"line":10},"2":{"name":"nvertices","decl":{"start":{"line":14,"column":2},"end":{"line":16,"column":3}},"loc":{"start":{"line":14,"column":2},"end":{"line":16,"column":3}},"line":14},"3":{"name":"segment","decl":{"start":{"line":18,"column":2},"end":{"line":22,"column":3}},"loc":{"start":{"line":18,"column":2},"end":{"line":22,"column":3}},"line":18},"4":{"name":"addPoint","decl":{"start":{"line":24,"column":2},"end":{"line":26,"column":3}},"loc":{"start":{"line":24,"column":2},"end":{"line":26,"column":3}},"line":24},"5":{"name":"getPoints","decl":{"start":{"line":28,"column":2},"end":{"line":30,"column":3}},"loc":{"start":{"line":28,"column":2},"end":{"line":30,"column":3}},"line":28},"6":{"name":"setPoints","decl":{"start":{"line":32,"column":2},"end":{"line":34,"column":3}},"loc":{"start":{"line":32,"column":2},"end":{"line":34,"column":3}},"line":32}},"f":{"0":189,"1":189,"2":756,"3":606,"4":173,"5":22,"6":0}}
,"/Users/arjan/code/martinez/src/types/Point.ts": {"path":"/Users/arjan/code/martinez/src/types/Point.ts","all":true,"statementMap":{},"s":{},"branchMap":{"0":{"type":"branch","line":1,"loc":{"start":{"line":1,"column":110},"end":{"line":7,"column":1}},"locations":[{"start":{"line":1,"column":110},"end":{"line":7,"column":1}}]}},"b":{"0":[1]},"fnMap":{"0":{"name":"(empty-report)","decl":{"start":{"line":1,"column":110},"end":{"line":7,"column":1}},"loc":{"start":{"line":1,"column":110},"end":{"line":7,"column":1}},"line":1}},"f":{"0":1}}
,"/Users/arjan/code/martinez/src/types/Polygon.ts": {"path":"/Users/arjan/code/martinez/src/types/Polygon.ts","all":false,"statementMap":{"1":{"start":{"line":2,"column":0},"end":{"line":2,"column":36}},"6":{"start":{"line":7,"column":0},"end":{"line":7,"column":22}},"7":{"start":{"line":8,"column":0},"end":{"line":8,"column":35}},"9":{"start":{"line":10,"column":0},"end":{"line":10,"column":41}},"10":{"start":{"line":11,"column":0},"end":{"line":11,"column":34}},"11":{"start":{"line":12,"column":0},"end":{"line":12,"column":3}},"13":{"start":{"line":14,"column":0},"end":{"line":14,"column":26}},"14":{"start":{"line":15,"column":0},"end":{"line":15,"column":32}},"15":{"start":{"line":16,"column":0},"end":{"line":16,"column":3}},"17":{"start":{"line":18,"column":0},"end":{"line":18,"column":35}},"18":{"start":{"line":19,"column":0},"end":{"line":19,"column":33}},"19":{"start":{"line":20,"column":0},"end":{"line":20,"column":3}},"21":{"start":{"line":22,"column":0},"end":{"line":22,"column":45}},"22":{"start":{"line":23,"column":0},"end":{"line":23,"column":43}},"24":{"start":{"line":25,"column":0},"end":{"line":25,"column":24}},"25":{"start":{"line":26,"column":0},"end":{"line":26,"column":22}},"26":{"start":{"line":27,"column":0},"end":{"line":27,"column":25}},"27":{"start":{"line":28,"column":0},"end":{"line":28,"column":23}},"29":{"start":{"line":30,"column":0},"end":{"line":30,"column":42}},"30":{"start":{"line":31,"column":0},"end":{"line":31,"column":53}},"31":{"start":{"line":32,"column":0},"end":{"line":32,"column":39}},"32":{"start":{"line":33,"column":0},"end":{"line":33,"column":31}},"33":{"start":{"line":34,"column":0},"end":{"line":34,"column":29}},"35":{"start":{"line":36,"column":0},"end":{"line":36,"column":42}},"36":{"start":{"line":37,"column":0},"end":{"line":37,"column":42}},"37":{"start":{"line":38,"column":0},"end":{"line":38,"column":42}},"38":{"start":{"line":39,"column":0},"end":{"line":39,"column":42}},"39":{"start":{"line":40,"column":0},"end":{"line":40,"column":7}},"40":{"start":{"line":41,"column":0},"end":{"line":41,"column":5}},"42":{"start":{"line":43,"column":0},"end":{"line":43,"column":17}},"43":{"start":{"line":44,"column":0},"end":{"line":44,"column":17}},"44":{"start":{"line":45,"column":0},"end":{"line":45,"column":17}},"45":{"start":{"line":46,"column":0},"end":{"line":46,"column":17}},"46":{"start":{"line":47,"column":0},"end":{"line":47,"column":3}},"48":{"start":{"line":49,"column":0},"end":{"line":49,"column":30}},"49":{"start":{"line":50,"column":0},"end":{"line":50,"column":34}},"50":{"start":{"line":51,"column":0},"end":{"line":51,"column":32}},"51":{"start":{"line":52,"column":0},"end":{"line":52,"column":19}},"52":{"start":{"line":53,"column":0},"end":{"line":53,"column":3}},"54":{"start":{"line":55,"column":0},"end":{"line":55,"column":40}},"55":{"start":{"line":56,"column":0},"end":{"line":56,"column":40}},"56":{"start":{"line":57,"column":0},"end":{"line":57,"column":32}},"57":{"start":{"line":58,"column":0},"end":{"line":58,"column":19}},"58":{"start":{"line":59,"column":0},"end":{"line":59,"column":3}},"60":{"start":{"line":61,"column":0},"end":{"line":61,"column":34}},"61":{"start":{"line":62,"column":0},"end":{"line":62,"column":38}},"62":{"start":{"line":63,"column":0},"end":{"line":63,"column":62}},"63":{"start":{"line":64,"column":0},"end":{"line":64,"column":34}},"64":{"start":{"line":65,"column":0},"end":{"line":65,"column":21}},"65":{"start":{"line":66,"column":0},"end":{"line":66,"column":7}},"66":{"start":{"line":67,"column":0},"end":{"line":67,"column":3}},"68":{"start":{"line":69,"column":0},"end":{"line":69,"column":28}},"69":{"start":{"line":70,"column":0},"end":{"line":70,"column":51}},"70":{"start":{"line":71,"column":0},"end":{"line":71,"column":3}},"71":{"start":{"line":72,"column":0},"end":{"line":72,"column":1}}},"s":{"1":1,"6":1,"7":231,"9":231,"10":231,"11":231,"13":231,"14":272,"15":272,"17":231,"18":636,"19":636,"21":231,"22":78,"24":78,"25":78,"26":78,"27":78,"29":78,"30":80,"31":323,"32":323,"33":323,"35":323,"36":323,"37":323,"38":323,"39":323,"40":80,"42":78,"43":78,"44":78,"45":78,"46":78,"48":231,"49":37,"50":37,"51":37,"52":37,"54":231,"55":144,"56":144,"57":144,"58":144,"60":231,"61":10,"62":8,"63":8,"64":8,"65":10,"66":10,"68":231,"69":21,"70":21,"71":231},"branchMap":{"0":{"type":"branch","line":7,"loc":{"start":{"line":7,"column":7},"end":{"line":72,"column":1}},"locations":[{"start":{"line":7,"column":7},"end":{"line":72,"column":1}}]},"1":{"type":"branch","line":10,"loc":{"start":{"line":10,"column":2},"end":{"line":12,"column":3}},"locations":[{"start":{"line":10,"column":2},"end":{"line":12,"column":3}}]},"2":{"type":"branch","line":14,"loc":{"start":{"line":14,"column":2},"end":{"line":16,"column":3}},"locations":[{"start":{"line":14,"column":2},"end":{"line":16,"column":3}}]},"3":{"type":"branch","line":18,"loc":{"start":{"line":18,"column":2},"end":{"line":20,"column":3}},"locations":[{"start":{"line":18,"column":2},"end":{"line":20,"column":3}}]},"4":{"type":"branch","line":22,"loc":{"start":{"line":22,"column":2},"end":{"line":47,"column":3}},"locations":[{"start":{"line":22,"column":2},"end":{"line":47,"column":3}}]},"5":{"type":"branch","line":23,"loc":{"start":{"line":23,"column":36},"end":{"line":23,"column":43}},"locations":[{"start":{"line":23,"column":36},"end":{"line":23,"column":43}}]},"6":{"type":"branch","line":30,"loc":{"start":{"line":30,"column":41},"end":{"line":41,"column":5}},"locations":[{"start":{"line":30,"column":41},"end":{"line":41,"column":5}}]},"7":{"type":"branch","line":31,"loc":{"start":{"line":31,"column":52},"end":{"line":40,"column":7}},"locations":[{"start":{"line":31,"column":52},"end":{"line":40,"column":7}}]},"8":{"type":"branch","line":49,"loc":{"start":{"line":49,"column":2},"end":{"line":53,"column":3}},"locations":[{"start":{"line":49,"column":2},"end":{"line":53,"column":3}}]},"9":{"type":"branch","line":55,"loc":{"start":{"line":55,"column":2},"end":{"line":59,"column":3}},"locations":[{"start":{"line":55,"column":2},"end":{"line":59,"column":3}}]},"10":{"type":"branch","line":61,"loc":{"start":{"line":61,"column":2},"end":{"line":67,"column":3}},"locations":[{"start":{"line":61,"column":2},"end":{"line":67,"column":3}}]},"11":{"type":"branch","line":62,"loc":{"start":{"line":62,"column":22},"end":{"line":66,"column":5}},"locations":[{"start":{"line":62,"column":22},"end":{"line":66,"column":5}}]},"12":{"type":"branch","line":69,"loc":{"start":{"line":69,"column":2},"end":{"line":71,"column":3}},"locations":[{"start":{"line":69,"column":2},"end":{"line":71,"column":3}}]},"13":{"type":"branch","line":70,"loc":{"start":{"line":70,"column":29},"end":{"line":70,"column":49}},"locations":[{"start":{"line":70,"column":29},"end":{"line":70,"column":49}}]}},"b":{"0":[231],"1":[231],"2":[272],"3":[636],"4":[78],"5":[0],"6":[80],"7":[323],"8":[37],"9":[144],"10":[10],"11":[8],"12":[21],"13":[22]},"fnMap":{"0":{"name":"<instance_members_initializer>","decl":{"start":{"line":7,"column":7},"end":{"line":72,"column":1}},"loc":{"start":{"line":7,"column":7},"end":{"line":72,"column":1}},"line":7},"1":{"name":"Polygon","decl":{"start":{"line":10,"column":2},"end":{"line":12,"column":3}},"loc":{"start":{"line":10,"column":2},"end":{"line":12,"column":3}},"line":10},"2":{"name":"contourCount","decl":{"start":{"line":14,"column":2},"end":{"line":16,"column":3}},"loc":{"start":{"line":14,"column":2},"end":{"line":16,"column":3}},"line":14},"3":{"name":"contour","decl":{"start":{"line":18,"column":2},"end":{"line":20,"column":3}},"loc":{"start":{"line":18,"column":2},"end":{"line":20,"column":3}},"line":18},"4":{"name":"boundingbox","decl":{"start":{"line":22,"column":2},"end":{"line":47,"column":3}},"loc":{"start":{"line":22,"column":2},"end":{"line":47,"column":3}},"line":22},"5":{"name":"pushbackContour","decl":{"start":{"line":49,"column":2},"end":{"line":53,"column":3}},"loc":{"start":{"line":49,"column":2},"end":{"line":53,"column":3}},"line":49},"6":{"name":"addContour","decl":{"start":{"line":55,"column":2},"end":{"line":59,"column":3}},"loc":{"start":{"line":55,"column":2},"end":{"line":59,"column":3}},"line":55},"7":{"name":"addContours","decl":{"start":{"line":61,"column":2},"end":{"line":67,"column":3}},"loc":{"start":{"line":61,"column":2},"end":{"line":67,"column":3}},"line":61},"8":{"name":"getContours","decl":{"start":{"line":69,"column":2},"end":{"line":71,"column":3}},"loc":{"start":{"line":69,"column":2},"end":{"line":71,"column":3}},"line":69}},"f":{"0":231,"1":231,"2":272,"3":636,"4":78,"5":37,"6":144,"7":10,"8":21}}
,"/Users/arjan/code/martinez/src/types/Segment.ts": {"path":"/Users/arjan/code/martinez/src/types/Segment.ts","all":false,"statementMap":{"5":{"start":{"line":6,"column":0},"end":{"line":6,"column":22}},"6":{"start":{"line":7,"column":0},"end":{"line":7,"column":68}},"8":{"start":{"line":9,"column":0},"end":{"line":9,"column":18}},"9":{"start":{"line":10,"column":0},"end":{"line":10,"column":27}},"10":{"start":{"line":11,"column":0},"end":{"line":11,"column":3}},"12":{"start":{"line":13,"column":0},"end":{"line":13,"column":16}},"13":{"start":{"line":14,"column":0},"end":{"line":14,"column":25}},"14":{"start":{"line":15,"column":0},"end":{"line":15,"column":3}},"15":{"start":{"line":16,"column":0},"end":{"line":16,"column":1}}},"s":{"5":1,"6":1,"8":1,"9":1981,"10":1981,"12":1,"13":1981,"14":1981,"15":1},"branchMap":{"0":{"type":"branch","line":7,"loc":{"start":{"line":7,"column":2},"end":{"line":7,"column":68}},"locations":[{"start":{"line":7,"column":2},"end":{"line":7,"column":68}}]},"1":{"type":"branch","line":9,"loc":{"start":{"line":9,"column":2},"end":{"line":11,"column":3}},"locations":[{"start":{"line":9,"column":2},"end":{"line":11,"column":3}}]},"2":{"type":"branch","line":13,"loc":{"start":{"line":13,"column":2},"end":{"line":15,"column":3}},"locations":[{"start":{"line":13,"column":2},"end":{"line":15,"column":3}}]}},"b":{"0":[1958],"1":[1981],"2":[1981]},"fnMap":{"0":{"name":"Segment","decl":{"start":{"line":7,"column":2},"end":{"line":7,"column":68}},"loc":{"start":{"line":7,"column":2},"end":{"line":7,"column":68}},"line":7},"1":{"name":"begin","decl":{"start":{"line":9,"column":2},"end":{"line":11,"column":3}},"loc":{"start":{"line":9,"column":2},"end":{"line":11,"column":3}},"line":9},"2":{"name":"end","decl":{"start":{"line":13,"column":2},"end":{"line":15,"column":3}},"loc":{"start":{"line":13,"column":2},"end":{"line":15,"column":3}},"line":13}},"f":{"0":1958,"1":1981,"2":1981}}
,"/Users/arjan/code/martinez/src/types/index.ts": {"path":"/Users/arjan/code/martinez/src/types/index.ts","all":false,"statementMap":{"1":{"start":{"line":2,"column":0},"end":{"line":2,"column":36}},"2":{"start":{"line":3,"column":0},"end":{"line":3,"column":36}},"3":{"start":{"line":4,"column":0},"end":{"line":4,"column":36}}},"s":{"1":1,"2":1,"3":1},"branchMap":{},"b":{},"fnMap":{},"f":{}}
}
